[0.667s] Invoking command in '/home/paulwetzel/repo/rise-repos/exo2-new/course/ros2course/ch2-3-make-the-nodes-talk/build/broadcast_node': CMAKE_PREFIX_PATH=/home/paulwetzel/repo/rise-repos/exo2-new/course/ros2course/ch2-3-make-the-nodes-talk/install/msg_package:/home/paulwetzel/repo/rise-repos/exo2-new/course/ros2course/ch2-3-make-the-nodes-talk/install/talker_node:/opt/ros/jazzy/opt/gz_math_vendor:/opt/ros/jazzy/opt/gz_utils_vendor:/opt/ros/jazzy/opt/gz_cmake_vendor CONDA_PROMPT_MODIFIER=(base) DEBUGINFOD_URLS=https://debuginfod.ubuntu.com PYTHONPATH=/home/paulwetzel/repo/rise-repos/exo2-new/course/ros2course/ch2-3-make-the-nodes-talk/build/broadcast_node/prefix_override:/usr/lib/python3/dist-packages/colcon_core/task/python/colcon_distutils_commands:/home/paulwetzel/repo/rise-repos/exo2-new/course/ros2course/ch2-3-make-the-nodes-talk/install/broadcast_node/lib/python3.12/site-packages:${PYTHONPATH} /usr/bin/python3 -W ignore:setup.py install is deprecated -W ignore:easy_install command is deprecated setup.py develop --editable --build-directory /home/paulwetzel/repo/rise-repos/exo2-new/course/ros2course/ch2-3-make-the-nodes-talk/build/broadcast_node/build --no-deps symlink_data
[0.920s] running develop
[1.052s] running egg_info
[1.053s] creating broadcast_node.egg-info
[1.065s] writing broadcast_node.egg-info/PKG-INFO
[1.065s] writing dependency_links to broadcast_node.egg-info/dependency_links.txt
[1.065s] writing entry points to broadcast_node.egg-info/entry_points.txt
[1.065s] writing requirements to broadcast_node.egg-info/requires.txt
[1.065s] writing top-level names to broadcast_node.egg-info/top_level.txt
[1.065s] writing manifest file 'broadcast_node.egg-info/SOURCES.txt'
[1.289s] reading manifest file 'broadcast_node.egg-info/SOURCES.txt'
[1.290s] writing manifest file 'broadcast_node.egg-info/SOURCES.txt'
[1.307s] running build_ext
[1.307s] Creating /home/paulwetzel/repo/rise-repos/exo2-new/course/ros2course/ch2-3-make-the-nodes-talk/install/broadcast_node/lib/python3.12/site-packages/broadcast-node.egg-link (link to .)
[1.307s] Installing broadcast script to /home/paulwetzel/repo/rise-repos/exo2-new/course/ros2course/ch2-3-make-the-nodes-talk/install/broadcast_node/lib/broadcast_node
[1.307s] 
[1.308s] Installed /home/paulwetzel/repo/rise-repos/exo2-new/course/ros2course/ch2-3-make-the-nodes-talk/build/broadcast_node
[1.308s] running symlink_data
[1.308s] creating /home/paulwetzel/repo/rise-repos/exo2-new/course/ros2course/ch2-3-make-the-nodes-talk/install/broadcast_node/share/ament_index
[1.308s] creating /home/paulwetzel/repo/rise-repos/exo2-new/course/ros2course/ch2-3-make-the-nodes-talk/install/broadcast_node/share/ament_index/resource_index
[1.308s] creating /home/paulwetzel/repo/rise-repos/exo2-new/course/ros2course/ch2-3-make-the-nodes-talk/install/broadcast_node/share/ament_index/resource_index/packages
[1.308s] symbolically linking /home/paulwetzel/repo/rise-repos/exo2-new/course/ros2course/ch2-3-make-the-nodes-talk/build/broadcast_node/resource/broadcast_node -> /home/paulwetzel/repo/rise-repos/exo2-new/course/ros2course/ch2-3-make-the-nodes-talk/install/broadcast_node/share/ament_index/resource_index/packages
[1.308s] symbolically linking /home/paulwetzel/repo/rise-repos/exo2-new/course/ros2course/ch2-3-make-the-nodes-talk/build/broadcast_node/package.xml -> /home/paulwetzel/repo/rise-repos/exo2-new/course/ros2course/ch2-3-make-the-nodes-talk/install/broadcast_node/share/broadcast_node
[1.390s] Invoked command in '/home/paulwetzel/repo/rise-repos/exo2-new/course/ros2course/ch2-3-make-the-nodes-talk/build/broadcast_node' returned '0': CMAKE_PREFIX_PATH=/home/paulwetzel/repo/rise-repos/exo2-new/course/ros2course/ch2-3-make-the-nodes-talk/install/msg_package:/home/paulwetzel/repo/rise-repos/exo2-new/course/ros2course/ch2-3-make-the-nodes-talk/install/talker_node:/opt/ros/jazzy/opt/gz_math_vendor:/opt/ros/jazzy/opt/gz_utils_vendor:/opt/ros/jazzy/opt/gz_cmake_vendor CONDA_PROMPT_MODIFIER=(base) DEBUGINFOD_URLS=https://debuginfod.ubuntu.com PYTHONPATH=/home/paulwetzel/repo/rise-repos/exo2-new/course/ros2course/ch2-3-make-the-nodes-talk/build/broadcast_node/prefix_override:/usr/lib/python3/dist-packages/colcon_core/task/python/colcon_distutils_commands:/home/paulwetzel/repo/rise-repos/exo2-new/course/ros2course/ch2-3-make-the-nodes-talk/install/broadcast_node/lib/python3.12/site-packages:${PYTHONPATH} /usr/bin/python3 -W ignore:setup.py install is deprecated -W ignore:easy_install command is deprecated setup.py develop --editable --build-directory /home/paulwetzel/repo/rise-repos/exo2-new/course/ros2course/ch2-3-make-the-nodes-talk/build/broadcast_node/build --no-deps symlink_data
