[0.008s] Invoking command in '/home/paulwetzel/repo/rise-repos/exo2-new/course/ros2course/ch2-3-make-the-nodes-talk/build/msg_package': CMAKE_PREFIX_PATH=${CMAKE_PREFIX_PATH}:/home/paulwetzel/repo/rise-repos/exo2-new/course/ros2course/ch2-3-make-the-nodes-talk/install/listener_node:/home/paulwetzel/repo/rise-repos/exo2-new/course/ros2course/ch2-3-make-the-nodes-talk/install/broadcast_node:/opt/ros/jazzy CONDA_PROMPT_MODIFIER=(base) DEBUGINFOD_URLS=https://debuginfod.ubuntu.com /usr/bin/cmake /home/paulwetzel/repo/rise-repos/exo2-new/course/ros2course/ch2-3-make-the-nodes-talk/src/msg_package -DAMENT_CMAKE_SYMLINK_INSTALL=1 -DCMAKE_INSTALL_PREFIX=/home/paulwetzel/repo/rise-repos/exo2-new/course/ros2course/ch2-3-make-the-nodes-talk/install/msg_package
[0.059s] -- The C compiler identification is GNU 13.3.0
[0.104s] -- The CXX compiler identification is GNU 13.3.0
[0.121s] -- Detecting C compiler ABI info
[0.206s] -- Detecting C compiler ABI info - done
[0.213s] -- Check for working C compiler: /usr/bin/cc - skipped
[0.213s] -- Detecting C compile features
[0.213s] -- Detecting C compile features - done
[0.223s] -- Detecting CXX compiler ABI info
[0.320s] -- Detecting CXX compiler ABI info - done
[0.332s] -- Check for working CXX compiler: /usr/bin/c++ - skipped
[0.332s] -- Detecting CXX compile features
[0.333s] -- Detecting CXX compile features - done
[0.337s] -- Found ament_cmake: 2.5.4 (/opt/ros/jazzy/share/ament_cmake/cmake)
[0.461s] -- Found Python3: /home/paulwetzel/anaconda3/bin/python3 (found version "3.12.7") found components: Interpreter 
[0.519s] -- Override CMake install command with custom implementation using symlinks instead of copying resources
[0.541s] -- Found ament_lint_auto: 0.17.2 (/opt/ros/jazzy/share/ament_lint_auto/cmake)
[0.616s] -- Found geometry_msgs: 5.3.6 (/opt/ros/jazzy/share/geometry_msgs/cmake)
[0.646s] -- Found rosidl_generator_c: 4.6.5 (/opt/ros/jazzy/share/rosidl_generator_c/cmake)
[0.654s] -- Found rosidl_generator_cpp: 4.6.5 (/opt/ros/jazzy/share/rosidl_generator_cpp/cmake)
[0.664s] -- Using all available rosidl_typesupport_c: rosidl_typesupport_fastrtps_c;rosidl_typesupport_introspection_c
[0.676s] -- Using all available rosidl_typesupport_cpp: rosidl_typesupport_fastrtps_cpp;rosidl_typesupport_introspection_cpp
[0.705s] -- Found rosidl_default_generators: 1.6.0 (/opt/ros/jazzy/share/rosidl_default_generators/cmake)
[0.715s] -- Found rosidl_adapter: 4.6.5 (/opt/ros/jazzy/share/rosidl_adapter/cmake)
[1.151s] -- Found ament_cmake_ros: 0.12.0 (/opt/ros/jazzy/share/ament_cmake_ros/cmake)
[1.776s] -- Using all available rosidl_typesupport_c: rosidl_typesupport_fastrtps_c;rosidl_typesupport_introspection_c
[2.019s] -- Using all available rosidl_typesupport_cpp: rosidl_typesupport_fastrtps_cpp;rosidl_typesupport_introspection_cpp
[2.022s] -- Found python_cmake_module: 0.11.1 (/opt/ros/jazzy/share/python_cmake_module/cmake)
[2.122s] -- Found PythonExtra: /home/paulwetzel/anaconda3/bin/python3  
[2.500s] -- Found Python3: /home/paulwetzel/anaconda3/bin/python3 (found version "3.12.7") found components: Interpreter Development NumPy Development.Module Development.Embed 
[2.553s] -- Added test 'lint_cmake' to check CMake code style
[2.553s] -- Added test 'xmllint' to check XML markup files
[2.558s] -- Configuring done (2.5s)
[2.593s] -- Generating done (0.0s)
[2.602s] -- Build files have been written to: /home/paulwetzel/repo/rise-repos/exo2-new/course/ros2course/ch2-3-make-the-nodes-talk/build/msg_package
[2.618s] Invoked command in '/home/paulwetzel/repo/rise-repos/exo2-new/course/ros2course/ch2-3-make-the-nodes-talk/build/msg_package' returned '0': CMAKE_PREFIX_PATH=${CMAKE_PREFIX_PATH}:/home/paulwetzel/repo/rise-repos/exo2-new/course/ros2course/ch2-3-make-the-nodes-talk/install/listener_node:/home/paulwetzel/repo/rise-repos/exo2-new/course/ros2course/ch2-3-make-the-nodes-talk/install/broadcast_node:/opt/ros/jazzy CONDA_PROMPT_MODIFIER=(base) DEBUGINFOD_URLS=https://debuginfod.ubuntu.com /usr/bin/cmake /home/paulwetzel/repo/rise-repos/exo2-new/course/ros2course/ch2-3-make-the-nodes-talk/src/msg_package -DAMENT_CMAKE_SYMLINK_INSTALL=1 -DCMAKE_INSTALL_PREFIX=/home/paulwetzel/repo/rise-repos/exo2-new/course/ros2course/ch2-3-make-the-nodes-talk/install/msg_package
[2.620s] Invoking command in '/home/paulwetzel/repo/rise-repos/exo2-new/course/ros2course/ch2-3-make-the-nodes-talk/build/msg_package': CMAKE_PREFIX_PATH=${CMAKE_PREFIX_PATH}:/home/paulwetzel/repo/rise-repos/exo2-new/course/ros2course/ch2-3-make-the-nodes-talk/install/listener_node:/home/paulwetzel/repo/rise-repos/exo2-new/course/ros2course/ch2-3-make-the-nodes-talk/install/broadcast_node:/opt/ros/jazzy CONDA_PROMPT_MODIFIER=(base) DEBUGINFOD_URLS=https://debuginfod.ubuntu.com /usr/bin/cmake --build /home/paulwetzel/repo/rise-repos/exo2-new/course/ros2course/ch2-3-make-the-nodes-talk/build/msg_package -- -j16 -l16
[2.679s] [  2%] [34m[1mGenerating type hashes for ROS interfaces[0m
[2.689s] [  2%] Built target ament_cmake_python_symlink_msg_package
[2.848s] [  2%] Built target msg_package__rosidl_generator_type_description
[2.858s] [  4%] [34m[1mGenerating C code for ROS interfaces[0m
[2.870s] [  6%] [34m[1mGenerating C++ code for ROS interfaces[0m
[2.882s] running egg_info
[2.883s] creating msg_package.egg-info
[2.898s] writing msg_package.egg-info/PKG-INFO
[2.898s] writing dependency_links to msg_package.egg-info/dependency_links.txt
[2.898s] writing top-level names to msg_package.egg-info/top_level.txt
[2.898s] writing manifest file 'msg_package.egg-info/SOURCES.txt'
[2.947s] reading manifest file 'msg_package.egg-info/SOURCES.txt'
[2.947s] writing manifest file 'msg_package.egg-info/SOURCES.txt'
[2.975s] [  6%] Built target ament_cmake_python_build_msg_package_egg
[3.106s] [  6%] Built target msg_package__cpp
[3.137s] [ 20%] [32mBuilding C object CMakeFiles/msg_package__rosidl_generator_c.dir/rosidl_generator_c/msg_package/srv/detail/transmit__functions.c.o[0m
[3.138s] [ 20%] [32mBuilding C object CMakeFiles/msg_package__rosidl_generator_c.dir/rosidl_generator_c/msg_package/msg/detail/broadcast__type_support.c.o[0m
[3.138s] [ 20%] [32mBuilding C object CMakeFiles/msg_package__rosidl_generator_c.dir/rosidl_generator_c/msg_package/srv/detail/transmit__description.c.o[0m
[3.138s] [ 20%] [32mBuilding C object CMakeFiles/msg_package__rosidl_generator_c.dir/rosidl_generator_c/msg_package/msg/detail/broadcast__functions.c.o[0m
[3.138s] [ 20%] [32mBuilding C object CMakeFiles/msg_package__rosidl_generator_c.dir/rosidl_generator_c/msg_package/msg/detail/broadcast__description.c.o[0m
[3.138s] [ 20%] [32mBuilding C object CMakeFiles/msg_package__rosidl_generator_c.dir/rosidl_generator_c/msg_package/srv/detail/transmit__type_support.c.o[0m
[3.193s] [ 22%] [32m[1mLinking C shared library libmsg_package__rosidl_generator_c.so[0m
[3.228s] [ 22%] Built target msg_package__rosidl_generator_c
[3.239s] [ 36%] [34m[1mGenerating C introspection for ROS interfaces[0m
[3.240s] [ 36%] [34m[1mGenerating C type support dispatch for ROS interfaces[0m
[3.240s] [ 36%] [34m[1mGenerating C++ type support dispatch for ROS interfaces[0m
[3.240s] [ 36%] [34m[1mGenerating C++ type support for eProsima Fast-RTPS[0m
[3.240s] [ 36%] [34m[1mGenerating C type support for eProsima Fast-RTPS[0m
[3.240s] [ 36%] [34m[1mGenerating C++ introspection for ROS interfaces[0m
[3.465s] [ 40%] [32mBuilding CXX object CMakeFiles/msg_package__rosidl_typesupport_c.dir/rosidl_typesupport_c/msg_package/srv/transmit__type_support.cpp.o[0m
[3.465s] [ 40%] [32mBuilding CXX object CMakeFiles/msg_package__rosidl_typesupport_c.dir/rosidl_typesupport_c/msg_package/msg/broadcast__type_support.cpp.o[0m
[3.472s] [ 45%] [32mBuilding CXX object CMakeFiles/msg_package__rosidl_typesupport_cpp.dir/rosidl_typesupport_cpp/msg_package/msg/broadcast__type_support.cpp.o[0m
[3.473s] [ 45%] [32mBuilding CXX object CMakeFiles/msg_package__rosidl_typesupport_cpp.dir/rosidl_typesupport_cpp/msg_package/srv/transmit__type_support.cpp.o[0m
[3.488s] [ 47%] [32mBuilding CXX object CMakeFiles/msg_package__rosidl_typesupport_introspection_cpp.dir/rosidl_typesupport_introspection_cpp/msg_package/msg/detail/broadcast__type_support.cpp.o[0m
[3.489s] [ 50%] [32mBuilding CXX object CMakeFiles/msg_package__rosidl_typesupport_introspection_cpp.dir/rosidl_typesupport_introspection_cpp/msg_package/srv/detail/transmit__type_support.cpp.o[0m
[3.499s] [ 54%] [32mBuilding C object CMakeFiles/msg_package__rosidl_typesupport_introspection_c.dir/rosidl_typesupport_introspection_c/msg_package/msg/detail/broadcast__type_support.c.o[0m
[3.499s] [ 54%] [32mBuilding C object CMakeFiles/msg_package__rosidl_typesupport_introspection_c.dir/rosidl_typesupport_introspection_c/msg_package/srv/detail/transmit__type_support.c.o[0m
[3.516s] [ 56%] [32m[1mLinking CXX shared library libmsg_package__rosidl_typesupport_c.so[0m
[3.550s] [ 61%] [32mBuilding CXX object CMakeFiles/msg_package__rosidl_typesupport_fastrtps_cpp.dir/rosidl_typesupport_fastrtps_cpp/msg_package/msg/detail/dds_fastrtps/broadcast__type_support.cpp.o[0m
[3.550s] [ 61%] [32m[1mLinking C shared library libmsg_package__rosidl_typesupport_introspection_c.so[0m
[3.551s] [ 63%] [32mBuilding CXX object CMakeFiles/msg_package__rosidl_typesupport_fastrtps_cpp.dir/rosidl_typesupport_fastrtps_cpp/msg_package/srv/detail/dds_fastrtps/transmit__type_support.cpp.o[0m
[3.562s] [ 63%] Built target msg_package__rosidl_typesupport_c
[3.575s] [ 68%] [32mBuilding CXX object CMakeFiles/msg_package__rosidl_typesupport_fastrtps_c.dir/rosidl_typesupport_fastrtps_c/msg_package/msg/detail/broadcast__type_support_c.cpp.o[0m
[3.575s] [ 68%] [32mBuilding CXX object CMakeFiles/msg_package__rosidl_typesupport_fastrtps_c.dir/rosidl_typesupport_fastrtps_c/msg_package/srv/detail/transmit__type_support_c.cpp.o[0m
[3.591s] [ 68%] Built target msg_package__rosidl_typesupport_introspection_c
[3.827s] [ 70%] [32m[1mLinking CXX shared library libmsg_package__rosidl_typesupport_cpp.so[0m
[3.870s] [ 72%] [32m[1mLinking CXX shared library libmsg_package__rosidl_typesupport_introspection_cpp.so[0m
[3.910s] [ 72%] Built target msg_package__rosidl_typesupport_cpp
[3.952s] [ 72%] Built target msg_package__rosidl_typesupport_introspection_cpp
[3.984s] [ 75%] [32m[1mLinking CXX shared library libmsg_package__rosidl_typesupport_fastrtps_c.so[0m
[4.027s] [ 75%] Built target msg_package__rosidl_typesupport_fastrtps_c
[4.043s] [ 77%] [32m[1mLinking CXX shared library libmsg_package__rosidl_typesupport_fastrtps_cpp.so[0m
[4.105s] [ 77%] Built target msg_package__rosidl_typesupport_fastrtps_cpp
[4.125s] [ 77%] Built target msg_package
[4.147s] [ 79%] [34m[1mGenerating Python code for ROS interfaces[0m
[4.435s] [ 79%] Built target msg_package__py
[4.457s] [ 81%] [32mBuilding C object CMakeFiles/msg_package__rosidl_generator_py.dir/rosidl_generator_py/msg_package/srv/_transmit_s.c.o[0m
[4.457s] [ 84%] [32mBuilding C object CMakeFiles/msg_package__rosidl_generator_py.dir/rosidl_generator_py/msg_package/msg/_broadcast_s.c.o[0m
[4.564s] [ 86%] [32m[1mLinking C shared library libmsg_package__rosidl_generator_py.so[0m
[4.602s] [ 86%] Built target msg_package__rosidl_generator_py
[4.623s] [ 90%] [32mBuilding C object CMakeFiles/msg_package_s__rosidl_typesupport_introspection_c.dir/rosidl_generator_py/msg_package/_msg_package_s.ep.rosidl_typesupport_introspection_c.c.o[0m
[4.623s] [ 90%] [32mBuilding C object CMakeFiles/msg_package_s__rosidl_typesupport_c.dir/rosidl_generator_py/msg_package/_msg_package_s.ep.rosidl_typesupport_c.c.o[0m
[4.623s] [ 93%] [32mBuilding C object CMakeFiles/msg_package_s__rosidl_typesupport_fastrtps_c.dir/rosidl_generator_py/msg_package/_msg_package_s.ep.rosidl_typesupport_fastrtps_c.c.o[0m
[4.705s] [100%] [32m[1mLinking C shared module rosidl_generator_py/msg_package/msg_package_s__rosidl_typesupport_c.so[0m
[4.705s] [100%] [32m[1mLinking C shared module rosidl_generator_py/msg_package/msg_package_s__rosidl_typesupport_introspection_c.so[0m
[4.705s] [100%] [32m[1mLinking C shared module rosidl_generator_py/msg_package/msg_package_s__rosidl_typesupport_fastrtps_c.so[0m
[4.735s] [100%] Built target msg_package_s__rosidl_typesupport_introspection_c
[4.735s] [100%] Built target msg_package_s__rosidl_typesupport_fastrtps_c
[4.735s] [100%] Built target msg_package_s__rosidl_typesupport_c
[4.746s] Invoked command in '/home/paulwetzel/repo/rise-repos/exo2-new/course/ros2course/ch2-3-make-the-nodes-talk/build/msg_package' returned '0': CMAKE_PREFIX_PATH=${CMAKE_PREFIX_PATH}:/home/paulwetzel/repo/rise-repos/exo2-new/course/ros2course/ch2-3-make-the-nodes-talk/install/listener_node:/home/paulwetzel/repo/rise-repos/exo2-new/course/ros2course/ch2-3-make-the-nodes-talk/install/broadcast_node:/opt/ros/jazzy CONDA_PROMPT_MODIFIER=(base) DEBUGINFOD_URLS=https://debuginfod.ubuntu.com /usr/bin/cmake --build /home/paulwetzel/repo/rise-repos/exo2-new/course/ros2course/ch2-3-make-the-nodes-talk/build/msg_package -- -j16 -l16
[4.756s] Invoking command in '/home/paulwetzel/repo/rise-repos/exo2-new/course/ros2course/ch2-3-make-the-nodes-talk/build/msg_package': CMAKE_PREFIX_PATH=${CMAKE_PREFIX_PATH}:/home/paulwetzel/repo/rise-repos/exo2-new/course/ros2course/ch2-3-make-the-nodes-talk/install/listener_node:/home/paulwetzel/repo/rise-repos/exo2-new/course/ros2course/ch2-3-make-the-nodes-talk/install/broadcast_node:/opt/ros/jazzy CONDA_PROMPT_MODIFIER=(base) DEBUGINFOD_URLS=https://debuginfod.ubuntu.com /usr/bin/cmake --install /home/paulwetzel/repo/rise-repos/exo2-new/course/ros2course/ch2-3-make-the-nodes-talk/build/msg_package
[4.764s] -- Install configuration: ""
[4.765s] -- Execute custom install script
[4.765s] -- Symlinking: /home/paulwetzel/repo/rise-repos/exo2-new/course/ros2course/ch2-3-make-the-nodes-talk/install/msg_package/share/ament_index/resource_index/rosidl_interfaces/msg_package
[4.775s] -- Symlinking: /home/paulwetzel/repo/rise-repos/exo2-new/course/ros2course/ch2-3-make-the-nodes-talk/install/msg_package/share/msg_package/msg/Broadcast.json
[4.783s] -- Symlinking: /home/paulwetzel/repo/rise-repos/exo2-new/course/ros2course/ch2-3-make-the-nodes-talk/install/msg_package/share/msg_package/srv/Transmit.json
[4.792s] -- Symlinking: /home/paulwetzel/repo/rise-repos/exo2-new/course/ros2course/ch2-3-make-the-nodes-talk/install/msg_package/include/msg_package/msg_package/msg/broadcast.h
[4.800s] -- Symlinking: /home/paulwetzel/repo/rise-repos/exo2-new/course/ros2course/ch2-3-make-the-nodes-talk/install/msg_package/include/msg_package/msg_package/msg/detail/broadcast__functions.h
[4.809s] -- Symlinking: /home/paulwetzel/repo/rise-repos/exo2-new/course/ros2course/ch2-3-make-the-nodes-talk/install/msg_package/include/msg_package/msg_package/msg/detail/broadcast__struct.h
[4.818s] -- Symlinking: /home/paulwetzel/repo/rise-repos/exo2-new/course/ros2course/ch2-3-make-the-nodes-talk/install/msg_package/include/msg_package/msg_package/msg/detail/broadcast__type_support.h
[4.828s] -- Symlinking: /home/paulwetzel/repo/rise-repos/exo2-new/course/ros2course/ch2-3-make-the-nodes-talk/install/msg_package/include/msg_package/msg_package/msg/rosidl_generator_c__visibility_control.h
[4.836s] -- Symlinking: /home/paulwetzel/repo/rise-repos/exo2-new/course/ros2course/ch2-3-make-the-nodes-talk/install/msg_package/include/msg_package/msg_package/srv/detail/transmit__functions.h
[4.846s] -- Symlinking: /home/paulwetzel/repo/rise-repos/exo2-new/course/ros2course/ch2-3-make-the-nodes-talk/install/msg_package/include/msg_package/msg_package/srv/detail/transmit__struct.h
[4.854s] -- Symlinking: /home/paulwetzel/repo/rise-repos/exo2-new/course/ros2course/ch2-3-make-the-nodes-talk/install/msg_package/include/msg_package/msg_package/srv/detail/transmit__type_support.h
[4.864s] -- Symlinking: /home/paulwetzel/repo/rise-repos/exo2-new/course/ros2course/ch2-3-make-the-nodes-talk/install/msg_package/include/msg_package/msg_package/srv/transmit.h
[4.872s] -- Symlinking: /home/paulwetzel/repo/rise-repos/exo2-new/course/ros2course/ch2-3-make-the-nodes-talk/install/msg_package/share/msg_package/environment/library_path.sh
[4.880s] -- Symlinking: /home/paulwetzel/repo/rise-repos/exo2-new/course/ros2course/ch2-3-make-the-nodes-talk/install/msg_package/share/msg_package/environment/library_path.dsv
[4.890s] -- Symlinking: /home/paulwetzel/repo/rise-repos/exo2-new/course/ros2course/ch2-3-make-the-nodes-talk/install/msg_package/include/msg_package/msg_package/msg/detail/broadcast__rosidl_typesupport_fastrtps_c.h
[4.900s] -- Symlinking: /home/paulwetzel/repo/rise-repos/exo2-new/course/ros2course/ch2-3-make-the-nodes-talk/install/msg_package/include/msg_package/msg_package/msg/rosidl_typesupport_fastrtps_c__visibility_control.h
[4.908s] -- Symlinking: /home/paulwetzel/repo/rise-repos/exo2-new/course/ros2course/ch2-3-make-the-nodes-talk/install/msg_package/include/msg_package/msg_package/srv/detail/transmit__rosidl_typesupport_fastrtps_c.h
[4.916s] -- Symlinking: /home/paulwetzel/repo/rise-repos/exo2-new/course/ros2course/ch2-3-make-the-nodes-talk/install/msg_package/include/msg_package/msg_package/msg/broadcast.hpp
[4.927s] -- Symlinking: /home/paulwetzel/repo/rise-repos/exo2-new/course/ros2course/ch2-3-make-the-nodes-talk/install/msg_package/include/msg_package/msg_package/msg/detail/broadcast__builder.hpp
[4.936s] -- Symlinking: /home/paulwetzel/repo/rise-repos/exo2-new/course/ros2course/ch2-3-make-the-nodes-talk/install/msg_package/include/msg_package/msg_package/msg/detail/broadcast__struct.hpp
[4.945s] -- Symlinking: /home/paulwetzel/repo/rise-repos/exo2-new/course/ros2course/ch2-3-make-the-nodes-talk/install/msg_package/include/msg_package/msg_package/msg/detail/broadcast__traits.hpp
[4.953s] -- Symlinking: /home/paulwetzel/repo/rise-repos/exo2-new/course/ros2course/ch2-3-make-the-nodes-talk/install/msg_package/include/msg_package/msg_package/msg/detail/broadcast__type_support.hpp
[4.961s] -- Symlinking: /home/paulwetzel/repo/rise-repos/exo2-new/course/ros2course/ch2-3-make-the-nodes-talk/install/msg_package/include/msg_package/msg_package/msg/rosidl_generator_cpp__visibility_control.hpp
[4.969s] -- Symlinking: /home/paulwetzel/repo/rise-repos/exo2-new/course/ros2course/ch2-3-make-the-nodes-talk/install/msg_package/include/msg_package/msg_package/srv/detail/transmit__builder.hpp
[4.977s] -- Symlinking: /home/paulwetzel/repo/rise-repos/exo2-new/course/ros2course/ch2-3-make-the-nodes-talk/install/msg_package/include/msg_package/msg_package/srv/detail/transmit__struct.hpp
[4.983s] -- Symlinking: /home/paulwetzel/repo/rise-repos/exo2-new/course/ros2course/ch2-3-make-the-nodes-talk/install/msg_package/include/msg_package/msg_package/srv/detail/transmit__traits.hpp
[4.991s] -- Symlinking: /home/paulwetzel/repo/rise-repos/exo2-new/course/ros2course/ch2-3-make-the-nodes-talk/install/msg_package/include/msg_package/msg_package/srv/detail/transmit__type_support.hpp
[4.999s] -- Symlinking: /home/paulwetzel/repo/rise-repos/exo2-new/course/ros2course/ch2-3-make-the-nodes-talk/install/msg_package/include/msg_package/msg_package/srv/transmit.hpp
[5.009s] -- Symlinking: /home/paulwetzel/repo/rise-repos/exo2-new/course/ros2course/ch2-3-make-the-nodes-talk/install/msg_package/include/msg_package/msg_package/msg/detail/broadcast__rosidl_typesupport_fastrtps_cpp.hpp
[5.017s] -- Symlinking: /home/paulwetzel/repo/rise-repos/exo2-new/course/ros2course/ch2-3-make-the-nodes-talk/install/msg_package/include/msg_package/msg_package/msg/rosidl_typesupport_fastrtps_cpp__visibility_control.h
[5.028s] -- Symlinking: /home/paulwetzel/repo/rise-repos/exo2-new/course/ros2course/ch2-3-make-the-nodes-talk/install/msg_package/include/msg_package/msg_package/srv/detail/transmit__rosidl_typesupport_fastrtps_cpp.hpp
[5.035s] -- Symlinking: /home/paulwetzel/repo/rise-repos/exo2-new/course/ros2course/ch2-3-make-the-nodes-talk/install/msg_package/include/msg_package/msg_package/msg/detail/broadcast__rosidl_typesupport_introspection_c.h
[5.044s] -- Symlinking: /home/paulwetzel/repo/rise-repos/exo2-new/course/ros2course/ch2-3-make-the-nodes-talk/install/msg_package/include/msg_package/msg_package/msg/rosidl_typesupport_introspection_c__visibility_control.h
[5.051s] -- Symlinking: /home/paulwetzel/repo/rise-repos/exo2-new/course/ros2course/ch2-3-make-the-nodes-talk/install/msg_package/include/msg_package/msg_package/srv/detail/transmit__rosidl_typesupport_introspection_c.h
[5.060s] -- Symlinking: /home/paulwetzel/repo/rise-repos/exo2-new/course/ros2course/ch2-3-make-the-nodes-talk/install/msg_package/include/msg_package/msg_package/msg/detail/broadcast__rosidl_typesupport_introspection_cpp.hpp
[5.068s] -- Symlinking: /home/paulwetzel/repo/rise-repos/exo2-new/course/ros2course/ch2-3-make-the-nodes-talk/install/msg_package/include/msg_package/msg_package/srv/detail/transmit__rosidl_typesupport_introspection_cpp.hpp
[5.075s] -- Symlinking: /home/paulwetzel/repo/rise-repos/exo2-new/course/ros2course/ch2-3-make-the-nodes-talk/install/msg_package/share/msg_package/environment/pythonpath.sh
[5.084s] -- Symlinking: /home/paulwetzel/repo/rise-repos/exo2-new/course/ros2course/ch2-3-make-the-nodes-talk/install/msg_package/share/msg_package/environment/pythonpath.dsv
[5.093s] -- Symlinking: /home/paulwetzel/repo/rise-repos/exo2-new/course/ros2course/ch2-3-make-the-nodes-talk/install/msg_package/lib/python3.12/site-packages/msg_package-0.0.0-py3.12.egg-info/PKG-INFO
[5.100s] -- Symlinking: /home/paulwetzel/repo/rise-repos/exo2-new/course/ros2course/ch2-3-make-the-nodes-talk/install/msg_package/lib/python3.12/site-packages/msg_package-0.0.0-py3.12.egg-info/SOURCES.txt
[5.110s] -- Symlinking: /home/paulwetzel/repo/rise-repos/exo2-new/course/ros2course/ch2-3-make-the-nodes-talk/install/msg_package/lib/python3.12/site-packages/msg_package-0.0.0-py3.12.egg-info/dependency_links.txt
[5.119s] -- Symlinking: /home/paulwetzel/repo/rise-repos/exo2-new/course/ros2course/ch2-3-make-the-nodes-talk/install/msg_package/lib/python3.12/site-packages/msg_package-0.0.0-py3.12.egg-info/top_level.txt
[5.131s] -- Symlinking: /home/paulwetzel/repo/rise-repos/exo2-new/course/ros2course/ch2-3-make-the-nodes-talk/install/msg_package/lib/python3.12/site-packages/msg_package/__init__.py
[5.139s] -- Symlinking: /home/paulwetzel/repo/rise-repos/exo2-new/course/ros2course/ch2-3-make-the-nodes-talk/install/msg_package/lib/python3.12/site-packages/msg_package/_msg_package_s.ep.rosidl_typesupport_c.c
[5.148s] -- Symlinking: /home/paulwetzel/repo/rise-repos/exo2-new/course/ros2course/ch2-3-make-the-nodes-talk/install/msg_package/lib/python3.12/site-packages/msg_package/_msg_package_s.ep.rosidl_typesupport_fastrtps_c.c
[5.155s] -- Symlinking: /home/paulwetzel/repo/rise-repos/exo2-new/course/ros2course/ch2-3-make-the-nodes-talk/install/msg_package/lib/python3.12/site-packages/msg_package/_msg_package_s.ep.rosidl_typesupport_introspection_c.c
[5.162s] -- Symlinking: /home/paulwetzel/repo/rise-repos/exo2-new/course/ros2course/ch2-3-make-the-nodes-talk/install/msg_package/lib/python3.12/site-packages/msg_package/msg/__init__.py
[5.170s] -- Symlinking: /home/paulwetzel/repo/rise-repos/exo2-new/course/ros2course/ch2-3-make-the-nodes-talk/install/msg_package/lib/python3.12/site-packages/msg_package/msg/_broadcast.py
[5.178s] -- Symlinking: /home/paulwetzel/repo/rise-repos/exo2-new/course/ros2course/ch2-3-make-the-nodes-talk/install/msg_package/lib/python3.12/site-packages/msg_package/msg/_broadcast_s.c
[5.186s] -- Symlinking: /home/paulwetzel/repo/rise-repos/exo2-new/course/ros2course/ch2-3-make-the-nodes-talk/install/msg_package/lib/python3.12/site-packages/msg_package/msg_package_s__rosidl_typesupport_c.so
[5.194s] -- Symlinking: /home/paulwetzel/repo/rise-repos/exo2-new/course/ros2course/ch2-3-make-the-nodes-talk/install/msg_package/lib/python3.12/site-packages/msg_package/msg_package_s__rosidl_typesupport_fastrtps_c.so
[5.202s] -- Symlinking: /home/paulwetzel/repo/rise-repos/exo2-new/course/ros2course/ch2-3-make-the-nodes-talk/install/msg_package/lib/python3.12/site-packages/msg_package/msg_package_s__rosidl_typesupport_introspection_c.so
[5.210s] -- Symlinking: /home/paulwetzel/repo/rise-repos/exo2-new/course/ros2course/ch2-3-make-the-nodes-talk/install/msg_package/lib/python3.12/site-packages/msg_package/srv/__init__.py
[5.219s] -- Symlinking: /home/paulwetzel/repo/rise-repos/exo2-new/course/ros2course/ch2-3-make-the-nodes-talk/install/msg_package/lib/python3.12/site-packages/msg_package/srv/_transmit.py
[5.230s] -- Symlinking: /home/paulwetzel/repo/rise-repos/exo2-new/course/ros2course/ch2-3-make-the-nodes-talk/install/msg_package/lib/python3.12/site-packages/msg_package/srv/_transmit_s.c
[5.239s] -- Up-to-date symlink: /home/paulwetzel/repo/rise-repos/exo2-new/course/ros2course/ch2-3-make-the-nodes-talk/install/msg_package/lib/python3.12/site-packages/msg_package/msg_package_s__rosidl_typesupport_fastrtps_c.so
[5.239s] -- Up-to-date symlink: /home/paulwetzel/repo/rise-repos/exo2-new/course/ros2course/ch2-3-make-the-nodes-talk/install/msg_package/lib/python3.12/site-packages/msg_package/msg_package_s__rosidl_typesupport_introspection_c.so
[5.239s] -- Up-to-date symlink: /home/paulwetzel/repo/rise-repos/exo2-new/course/ros2course/ch2-3-make-the-nodes-talk/install/msg_package/lib/python3.12/site-packages/msg_package/msg_package_s__rosidl_typesupport_c.so
[5.239s] -- Symlinking: /home/paulwetzel/repo/rise-repos/exo2-new/course/ros2course/ch2-3-make-the-nodes-talk/install/msg_package/share/msg_package/msg/Broadcast.idl
[5.249s] -- Symlinking: /home/paulwetzel/repo/rise-repos/exo2-new/course/ros2course/ch2-3-make-the-nodes-talk/install/msg_package/share/msg_package/srv/Transmit.idl
[5.258s] -- Symlinking: /home/paulwetzel/repo/rise-repos/exo2-new/course/ros2course/ch2-3-make-the-nodes-talk/install/msg_package/share/msg_package/msg/Broadcast.msg
[5.268s] -- Symlinking: /home/paulwetzel/repo/rise-repos/exo2-new/course/ros2course/ch2-3-make-the-nodes-talk/install/msg_package/share/msg_package/srv/Transmit.srv
[5.279s] -- Symlinking: /home/paulwetzel/repo/rise-repos/exo2-new/course/ros2course/ch2-3-make-the-nodes-talk/install/msg_package/share/ament_index/resource_index/package_run_dependencies/msg_package
[5.289s] -- Symlinking: /home/paulwetzel/repo/rise-repos/exo2-new/course/ros2course/ch2-3-make-the-nodes-talk/install/msg_package/share/ament_index/resource_index/parent_prefix_path/msg_package
[5.302s] -- Symlinking: /home/paulwetzel/repo/rise-repos/exo2-new/course/ros2course/ch2-3-make-the-nodes-talk/install/msg_package/share/msg_package/environment/ament_prefix_path.sh
[5.313s] -- Symlinking: /home/paulwetzel/repo/rise-repos/exo2-new/course/ros2course/ch2-3-make-the-nodes-talk/install/msg_package/share/msg_package/environment/ament_prefix_path.dsv
[5.328s] -- Symlinking: /home/paulwetzel/repo/rise-repos/exo2-new/course/ros2course/ch2-3-make-the-nodes-talk/install/msg_package/share/msg_package/environment/path.sh
[5.336s] -- Symlinking: /home/paulwetzel/repo/rise-repos/exo2-new/course/ros2course/ch2-3-make-the-nodes-talk/install/msg_package/share/msg_package/environment/path.dsv
[5.347s] -- Symlinking: /home/paulwetzel/repo/rise-repos/exo2-new/course/ros2course/ch2-3-make-the-nodes-talk/install/msg_package/share/msg_package/local_setup.bash
[5.355s] -- Symlinking: /home/paulwetzel/repo/rise-repos/exo2-new/course/ros2course/ch2-3-make-the-nodes-talk/install/msg_package/share/msg_package/local_setup.sh
[5.363s] -- Symlinking: /home/paulwetzel/repo/rise-repos/exo2-new/course/ros2course/ch2-3-make-the-nodes-talk/install/msg_package/share/msg_package/local_setup.zsh
[5.371s] -- Symlinking: /home/paulwetzel/repo/rise-repos/exo2-new/course/ros2course/ch2-3-make-the-nodes-talk/install/msg_package/share/msg_package/local_setup.dsv
[5.380s] -- Symlinking: /home/paulwetzel/repo/rise-repos/exo2-new/course/ros2course/ch2-3-make-the-nodes-talk/install/msg_package/share/msg_package/package.dsv
[5.388s] -- Symlinking: /home/paulwetzel/repo/rise-repos/exo2-new/course/ros2course/ch2-3-make-the-nodes-talk/install/msg_package/share/ament_index/resource_index/packages/msg_package
[5.397s] -- Symlinking: /home/paulwetzel/repo/rise-repos/exo2-new/course/ros2course/ch2-3-make-the-nodes-talk/install/msg_package/share/msg_package/cmake/rosidl_cmake-extras.cmake
[5.405s] -- Symlinking: /home/paulwetzel/repo/rise-repos/exo2-new/course/ros2course/ch2-3-make-the-nodes-talk/install/msg_package/share/msg_package/cmake/ament_cmake_export_dependencies-extras.cmake
[5.412s] -- Symlinking: /home/paulwetzel/repo/rise-repos/exo2-new/course/ros2course/ch2-3-make-the-nodes-talk/install/msg_package/share/msg_package/cmake/ament_cmake_export_include_directories-extras.cmake
[5.420s] -- Symlinking: /home/paulwetzel/repo/rise-repos/exo2-new/course/ros2course/ch2-3-make-the-nodes-talk/install/msg_package/share/msg_package/cmake/ament_cmake_export_libraries-extras.cmake
[5.431s] -- Symlinking: /home/paulwetzel/repo/rise-repos/exo2-new/course/ros2course/ch2-3-make-the-nodes-talk/install/msg_package/share/msg_package/cmake/ament_cmake_export_targets-extras.cmake
[5.440s] -- Symlinking: /home/paulwetzel/repo/rise-repos/exo2-new/course/ros2course/ch2-3-make-the-nodes-talk/install/msg_package/share/msg_package/cmake/rosidl_cmake_export_typesupport_targets-extras.cmake
[5.448s] -- Symlinking: /home/paulwetzel/repo/rise-repos/exo2-new/course/ros2course/ch2-3-make-the-nodes-talk/install/msg_package/share/msg_package/cmake/rosidl_cmake_export_typesupport_libraries-extras.cmake
[5.456s] -- Symlinking: /home/paulwetzel/repo/rise-repos/exo2-new/course/ros2course/ch2-3-make-the-nodes-talk/install/msg_package/share/msg_package/cmake/msg_packageConfig.cmake
[5.466s] -- Symlinking: /home/paulwetzel/repo/rise-repos/exo2-new/course/ros2course/ch2-3-make-the-nodes-talk/install/msg_package/share/msg_package/cmake/msg_packageConfig-version.cmake
[5.474s] -- Symlinking: /home/paulwetzel/repo/rise-repos/exo2-new/course/ros2course/ch2-3-make-the-nodes-talk/install/msg_package/share/msg_package/package.xml
[5.482s] -- Installing: /home/paulwetzel/repo/rise-repos/exo2-new/course/ros2course/ch2-3-make-the-nodes-talk/install/msg_package/lib/libmsg_package__rosidl_generator_c.so
[5.482s] -- Set non-toolchain portion of runtime path of "/home/paulwetzel/repo/rise-repos/exo2-new/course/ros2course/ch2-3-make-the-nodes-talk/install/msg_package/lib/libmsg_package__rosidl_generator_c.so" to ""
[5.482s] -- Installing: /home/paulwetzel/repo/rise-repos/exo2-new/course/ros2course/ch2-3-make-the-nodes-talk/install/msg_package/lib/libmsg_package__rosidl_typesupport_fastrtps_c.so
[5.483s] -- Set non-toolchain portion of runtime path of "/home/paulwetzel/repo/rise-repos/exo2-new/course/ros2course/ch2-3-make-the-nodes-talk/install/msg_package/lib/libmsg_package__rosidl_typesupport_fastrtps_c.so" to ""
[5.483s] -- Installing: /home/paulwetzel/repo/rise-repos/exo2-new/course/ros2course/ch2-3-make-the-nodes-talk/install/msg_package/lib/libmsg_package__rosidl_typesupport_fastrtps_cpp.so
[5.483s] -- Set non-toolchain portion of runtime path of "/home/paulwetzel/repo/rise-repos/exo2-new/course/ros2course/ch2-3-make-the-nodes-talk/install/msg_package/lib/libmsg_package__rosidl_typesupport_fastrtps_cpp.so" to ""
[5.483s] -- Installing: /home/paulwetzel/repo/rise-repos/exo2-new/course/ros2course/ch2-3-make-the-nodes-talk/install/msg_package/lib/libmsg_package__rosidl_typesupport_introspection_c.so
[5.483s] -- Set non-toolchain portion of runtime path of "/home/paulwetzel/repo/rise-repos/exo2-new/course/ros2course/ch2-3-make-the-nodes-talk/install/msg_package/lib/libmsg_package__rosidl_typesupport_introspection_c.so" to ""
[5.483s] -- Installing: /home/paulwetzel/repo/rise-repos/exo2-new/course/ros2course/ch2-3-make-the-nodes-talk/install/msg_package/lib/libmsg_package__rosidl_typesupport_c.so
[5.484s] -- Set non-toolchain portion of runtime path of "/home/paulwetzel/repo/rise-repos/exo2-new/course/ros2course/ch2-3-make-the-nodes-talk/install/msg_package/lib/libmsg_package__rosidl_typesupport_c.so" to ""
[5.484s] -- Installing: /home/paulwetzel/repo/rise-repos/exo2-new/course/ros2course/ch2-3-make-the-nodes-talk/install/msg_package/lib/libmsg_package__rosidl_typesupport_introspection_cpp.so
[5.484s] -- Set non-toolchain portion of runtime path of "/home/paulwetzel/repo/rise-repos/exo2-new/course/ros2course/ch2-3-make-the-nodes-talk/install/msg_package/lib/libmsg_package__rosidl_typesupport_introspection_cpp.so" to ""
[5.484s] -- Installing: /home/paulwetzel/repo/rise-repos/exo2-new/course/ros2course/ch2-3-make-the-nodes-talk/install/msg_package/lib/libmsg_package__rosidl_typesupport_cpp.so
[5.484s] -- Set non-toolchain portion of runtime path of "/home/paulwetzel/repo/rise-repos/exo2-new/course/ros2course/ch2-3-make-the-nodes-talk/install/msg_package/lib/libmsg_package__rosidl_typesupport_cpp.so" to ""
[5.512s] Listing '/home/paulwetzel/repo/rise-repos/exo2-new/course/ros2course/ch2-3-make-the-nodes-talk/install/msg_package/lib/python3.12/site-packages/msg_package'...
[5.512s] Compiling '/home/paulwetzel/repo/rise-repos/exo2-new/course/ros2course/ch2-3-make-the-nodes-talk/install/msg_package/lib/python3.12/site-packages/msg_package/__init__.py'...
[5.512s] Listing '/home/paulwetzel/repo/rise-repos/exo2-new/course/ros2course/ch2-3-make-the-nodes-talk/install/msg_package/lib/python3.12/site-packages/msg_package/msg'...
[5.512s] Compiling '/home/paulwetzel/repo/rise-repos/exo2-new/course/ros2course/ch2-3-make-the-nodes-talk/install/msg_package/lib/python3.12/site-packages/msg_package/msg/__init__.py'...
[5.512s] Compiling '/home/paulwetzel/repo/rise-repos/exo2-new/course/ros2course/ch2-3-make-the-nodes-talk/install/msg_package/lib/python3.12/site-packages/msg_package/msg/_broadcast.py'...
[5.512s] Listing '/home/paulwetzel/repo/rise-repos/exo2-new/course/ros2course/ch2-3-make-the-nodes-talk/install/msg_package/lib/python3.12/site-packages/msg_package/srv'...
[5.512s] Compiling '/home/paulwetzel/repo/rise-repos/exo2-new/course/ros2course/ch2-3-make-the-nodes-talk/install/msg_package/lib/python3.12/site-packages/msg_package/srv/__init__.py'...
[5.512s] Compiling '/home/paulwetzel/repo/rise-repos/exo2-new/course/ros2course/ch2-3-make-the-nodes-talk/install/msg_package/lib/python3.12/site-packages/msg_package/srv/_transmit.py'...
[5.516s] -- Installing: /home/paulwetzel/repo/rise-repos/exo2-new/course/ros2course/ch2-3-make-the-nodes-talk/install/msg_package/lib/libmsg_package__rosidl_generator_py.so
[5.517s] -- Set non-toolchain portion of runtime path of "/home/paulwetzel/repo/rise-repos/exo2-new/course/ros2course/ch2-3-make-the-nodes-talk/install/msg_package/lib/libmsg_package__rosidl_generator_py.so" to ""
[5.517s] -- Installing: /home/paulwetzel/repo/rise-repos/exo2-new/course/ros2course/ch2-3-make-the-nodes-talk/install/msg_package/share/msg_package/cmake/export_msg_package__rosidl_generator_cExport.cmake
[5.517s] -- Installing: /home/paulwetzel/repo/rise-repos/exo2-new/course/ros2course/ch2-3-make-the-nodes-talk/install/msg_package/share/msg_package/cmake/export_msg_package__rosidl_generator_cExport-noconfig.cmake
[5.517s] -- Installing: /home/paulwetzel/repo/rise-repos/exo2-new/course/ros2course/ch2-3-make-the-nodes-talk/install/msg_package/share/msg_package/cmake/export_msg_package__rosidl_typesupport_fastrtps_cExport.cmake
[5.517s] -- Installing: /home/paulwetzel/repo/rise-repos/exo2-new/course/ros2course/ch2-3-make-the-nodes-talk/install/msg_package/share/msg_package/cmake/export_msg_package__rosidl_typesupport_fastrtps_cExport-noconfig.cmake
[5.517s] -- Installing: /home/paulwetzel/repo/rise-repos/exo2-new/course/ros2course/ch2-3-make-the-nodes-talk/install/msg_package/share/msg_package/cmake/export_msg_package__rosidl_generator_cppExport.cmake
[5.517s] -- Installing: /home/paulwetzel/repo/rise-repos/exo2-new/course/ros2course/ch2-3-make-the-nodes-talk/install/msg_package/share/msg_package/cmake/export_msg_package__rosidl_typesupport_fastrtps_cppExport.cmake
[5.518s] -- Installing: /home/paulwetzel/repo/rise-repos/exo2-new/course/ros2course/ch2-3-make-the-nodes-talk/install/msg_package/share/msg_package/cmake/export_msg_package__rosidl_typesupport_fastrtps_cppExport-noconfig.cmake
[5.518s] -- Installing: /home/paulwetzel/repo/rise-repos/exo2-new/course/ros2course/ch2-3-make-the-nodes-talk/install/msg_package/share/msg_package/cmake/msg_package__rosidl_typesupport_introspection_cExport.cmake
[5.518s] -- Installing: /home/paulwetzel/repo/rise-repos/exo2-new/course/ros2course/ch2-3-make-the-nodes-talk/install/msg_package/share/msg_package/cmake/msg_package__rosidl_typesupport_introspection_cExport-noconfig.cmake
[5.518s] -- Installing: /home/paulwetzel/repo/rise-repos/exo2-new/course/ros2course/ch2-3-make-the-nodes-talk/install/msg_package/share/msg_package/cmake/msg_package__rosidl_typesupport_cExport.cmake
[5.518s] -- Installing: /home/paulwetzel/repo/rise-repos/exo2-new/course/ros2course/ch2-3-make-the-nodes-talk/install/msg_package/share/msg_package/cmake/msg_package__rosidl_typesupport_cExport-noconfig.cmake
[5.518s] -- Installing: /home/paulwetzel/repo/rise-repos/exo2-new/course/ros2course/ch2-3-make-the-nodes-talk/install/msg_package/share/msg_package/cmake/msg_package__rosidl_typesupport_introspection_cppExport.cmake
[5.518s] -- Installing: /home/paulwetzel/repo/rise-repos/exo2-new/course/ros2course/ch2-3-make-the-nodes-talk/install/msg_package/share/msg_package/cmake/msg_package__rosidl_typesupport_introspection_cppExport-noconfig.cmake
[5.518s] -- Installing: /home/paulwetzel/repo/rise-repos/exo2-new/course/ros2course/ch2-3-make-the-nodes-talk/install/msg_package/share/msg_package/cmake/msg_package__rosidl_typesupport_cppExport.cmake
[5.518s] -- Installing: /home/paulwetzel/repo/rise-repos/exo2-new/course/ros2course/ch2-3-make-the-nodes-talk/install/msg_package/share/msg_package/cmake/msg_package__rosidl_typesupport_cppExport-noconfig.cmake
[5.519s] -- Installing: /home/paulwetzel/repo/rise-repos/exo2-new/course/ros2course/ch2-3-make-the-nodes-talk/install/msg_package/share/msg_package/cmake/export_msg_package__rosidl_generator_pyExport.cmake
[5.519s] -- Installing: /home/paulwetzel/repo/rise-repos/exo2-new/course/ros2course/ch2-3-make-the-nodes-talk/install/msg_package/share/msg_package/cmake/export_msg_package__rosidl_generator_pyExport-noconfig.cmake
[5.522s] Invoked command in '/home/paulwetzel/repo/rise-repos/exo2-new/course/ros2course/ch2-3-make-the-nodes-talk/build/msg_package' returned '0': CMAKE_PREFIX_PATH=${CMAKE_PREFIX_PATH}:/home/paulwetzel/repo/rise-repos/exo2-new/course/ros2course/ch2-3-make-the-nodes-talk/install/listener_node:/home/paulwetzel/repo/rise-repos/exo2-new/course/ros2course/ch2-3-make-the-nodes-talk/install/broadcast_node:/opt/ros/jazzy CONDA_PROMPT_MODIFIER=(base) DEBUGINFOD_URLS=https://debuginfod.ubuntu.com /usr/bin/cmake --install /home/paulwetzel/repo/rise-repos/exo2-new/course/ros2course/ch2-3-make-the-nodes-talk/build/msg_package
