[0.065s] DEBUG:colcon:Command line arguments: ['/usr/bin/colcon', 'build', '--symlink-install']
[0.065s] DEBUG:colcon:Parsed command line arguments: Namespace(log_base=None, log_level=None, verb_name='build', build_base='build', install_base='install', merge_install=False, symlink_install=True, test_result_base=None, continue_on_error=False, executor='parallel', parallel_workers=16, event_handlers=None, ignore_user_meta=False, metas=['./colcon.meta'], base_paths=['.'], packages_ignore=None, packages_ignore_regex=None, paths=None, packages_up_to=None, packages_up_to_regex=None, packages_above=None, packages_above_and_dependencies=None, packages_above_depth=None, packages_select_by_dep=None, packages_skip_by_dep=None, packages_skip_up_to=None, packages_select_build_failed=False, packages_skip_build_finished=False, packages_select_test_failures=False, packages_skip_test_passed=False, packages_select=None, packages_skip=None, packages_select_regex=None, packages_skip_regex=None, packages_start=None, packages_end=None, allow_overriding=[], cmake_args=None, cmake_target=None, cmake_target_skip_unavailable=False, cmake_clean_cache=False, cmake_clean_first=False, cmake_force_configure=False, ament_cmake_args=None, catkin_cmake_args=None, catkin_skip_building_tests=False, mixin_files=None, mixin=None, verb_parser=<colcon_mixin.mixin.mixin_argument.MixinArgumentDecorator object at 0x7fe6376f40e0>, verb_extension=<colcon_core.verb.build.BuildVerb object at 0x7fe637610890>, main=<bound method BuildVerb.main of <colcon_core.verb.build.BuildVerb object at 0x7fe637610890>>, mixin_verb=('build',))
[0.090s] Level 1:colcon.colcon_core.package_discovery:discover_packages(colcon_meta) check parameters
[0.090s] Level 1:colcon.colcon_core.package_discovery:discover_packages(recursive) check parameters
[0.090s] Level 1:colcon.colcon_core.package_discovery:discover_packages(ignore) check parameters
[0.090s] Level 1:colcon.colcon_core.package_discovery:discover_packages(path) check parameters
[0.090s] Level 1:colcon.colcon_core.package_discovery:discover_packages(colcon_meta) discover
[0.090s] Level 1:colcon.colcon_core.package_discovery:discover_packages(recursive) discover
[0.090s] INFO:colcon.colcon_core.package_discovery:Crawling recursively for packages in '/home/paulwetzel/repo/rise-repos/exo2-new/course/ros2course/ch2-3-make-the-nodes-talk'
[0.090s] Level 1:colcon.colcon_core.package_identification:_identify(.) by extensions ['ignore', 'ignore_ament_install']
[0.091s] Level 1:colcon.colcon_core.package_identification:_identify(.) by extension 'ignore'
[0.091s] Level 1:colcon.colcon_core.package_identification:_identify(.) by extension 'ignore_ament_install'
[0.091s] Level 1:colcon.colcon_core.package_identification:_identify(.) by extensions ['colcon_pkg']
[0.091s] Level 1:colcon.colcon_core.package_identification:_identify(.) by extension 'colcon_pkg'
[0.091s] Level 1:colcon.colcon_core.package_identification:_identify(.) by extensions ['colcon_meta']
[0.091s] Level 1:colcon.colcon_core.package_identification:_identify(.) by extension 'colcon_meta'
[0.091s] Level 1:colcon.colcon_core.package_identification:_identify(.) by extensions ['ros']
[0.091s] Level 1:colcon.colcon_core.package_identification:_identify(.) by extension 'ros'
[0.110s] Level 1:colcon.colcon_core.package_identification:_identify(.) by extensions ['cmake', 'python']
[0.110s] Level 1:colcon.colcon_core.package_identification:_identify(.) by extension 'cmake'
[0.110s] Level 1:colcon.colcon_core.package_identification:_identify(.) by extension 'python'
[0.110s] Level 1:colcon.colcon_core.package_identification:_identify(.) by extensions ['python_setup_py']
[0.110s] Level 1:colcon.colcon_core.package_identification:_identify(.) by extension 'python_setup_py'
[0.110s] Level 1:colcon.colcon_core.package_identification:_identify(build) by extensions ['ignore', 'ignore_ament_install']
[0.110s] Level 1:colcon.colcon_core.package_identification:_identify(build) by extension 'ignore'
[0.110s] Level 1:colcon.colcon_core.package_identification:_identify(build) ignored
[0.110s] Level 1:colcon.colcon_core.package_identification:_identify(install) by extensions ['ignore', 'ignore_ament_install']
[0.110s] Level 1:colcon.colcon_core.package_identification:_identify(install) by extension 'ignore'
[0.110s] Level 1:colcon.colcon_core.package_identification:_identify(install) ignored
[0.110s] Level 1:colcon.colcon_core.package_identification:_identify(log) by extensions ['ignore', 'ignore_ament_install']
[0.111s] Level 1:colcon.colcon_core.package_identification:_identify(log) by extension 'ignore'
[0.111s] Level 1:colcon.colcon_core.package_identification:_identify(log) ignored
[0.111s] Level 1:colcon.colcon_core.package_identification:_identify(src) by extensions ['ignore', 'ignore_ament_install']
[0.111s] Level 1:colcon.colcon_core.package_identification:_identify(src) by extension 'ignore'
[0.111s] Level 1:colcon.colcon_core.package_identification:_identify(src) by extension 'ignore_ament_install'
[0.111s] Level 1:colcon.colcon_core.package_identification:_identify(src) by extensions ['colcon_pkg']
[0.111s] Level 1:colcon.colcon_core.package_identification:_identify(src) by extension 'colcon_pkg'
[0.111s] Level 1:colcon.colcon_core.package_identification:_identify(src) by extensions ['colcon_meta']
[0.111s] Level 1:colcon.colcon_core.package_identification:_identify(src) by extension 'colcon_meta'
[0.111s] Level 1:colcon.colcon_core.package_identification:_identify(src) by extensions ['ros']
[0.111s] Level 1:colcon.colcon_core.package_identification:_identify(src) by extension 'ros'
[0.111s] Level 1:colcon.colcon_core.package_identification:_identify(src) by extensions ['cmake', 'python']
[0.111s] Level 1:colcon.colcon_core.package_identification:_identify(src) by extension 'cmake'
[0.111s] Level 1:colcon.colcon_core.package_identification:_identify(src) by extension 'python'
[0.111s] Level 1:colcon.colcon_core.package_identification:_identify(src) by extensions ['python_setup_py']
[0.111s] Level 1:colcon.colcon_core.package_identification:_identify(src) by extension 'python_setup_py'
[0.111s] Level 1:colcon.colcon_core.package_identification:_identify(src/broadcast_node) by extensions ['ignore', 'ignore_ament_install']
[0.111s] Level 1:colcon.colcon_core.package_identification:_identify(src/broadcast_node) by extension 'ignore'
[0.111s] Level 1:colcon.colcon_core.package_identification:_identify(src/broadcast_node) by extension 'ignore_ament_install'
[0.111s] Level 1:colcon.colcon_core.package_identification:_identify(src/broadcast_node) by extensions ['colcon_pkg']
[0.111s] Level 1:colcon.colcon_core.package_identification:_identify(src/broadcast_node) by extension 'colcon_pkg'
[0.111s] Level 1:colcon.colcon_core.package_identification:_identify(src/broadcast_node) by extensions ['colcon_meta']
[0.111s] Level 1:colcon.colcon_core.package_identification:_identify(src/broadcast_node) by extension 'colcon_meta'
[0.111s] Level 1:colcon.colcon_core.package_identification:_identify(src/broadcast_node) by extensions ['ros']
[0.111s] Level 1:colcon.colcon_core.package_identification:_identify(src/broadcast_node) by extension 'ros'
[0.113s] DEBUG:colcon.colcon_core.package_identification:Package 'src/broadcast_node' with type 'ros.ament_python' and name 'broadcast_node'
[0.113s] Level 1:colcon.colcon_core.package_identification:_identify(src/listener_node) by extensions ['ignore', 'ignore_ament_install']
[0.113s] Level 1:colcon.colcon_core.package_identification:_identify(src/listener_node) by extension 'ignore'
[0.113s] Level 1:colcon.colcon_core.package_identification:_identify(src/listener_node) by extension 'ignore_ament_install'
[0.113s] Level 1:colcon.colcon_core.package_identification:_identify(src/listener_node) by extensions ['colcon_pkg']
[0.113s] Level 1:colcon.colcon_core.package_identification:_identify(src/listener_node) by extension 'colcon_pkg'
[0.113s] Level 1:colcon.colcon_core.package_identification:_identify(src/listener_node) by extensions ['colcon_meta']
[0.113s] Level 1:colcon.colcon_core.package_identification:_identify(src/listener_node) by extension 'colcon_meta'
[0.113s] Level 1:colcon.colcon_core.package_identification:_identify(src/listener_node) by extensions ['ros']
[0.113s] Level 1:colcon.colcon_core.package_identification:_identify(src/listener_node) by extension 'ros'
[0.113s] DEBUG:colcon.colcon_core.package_identification:Package 'src/listener_node' with type 'ros.ament_python' and name 'listener_node'
[0.114s] Level 1:colcon.colcon_core.package_identification:_identify(src/msg_package) by extensions ['ignore', 'ignore_ament_install']
[0.114s] Level 1:colcon.colcon_core.package_identification:_identify(src/msg_package) by extension 'ignore'
[0.114s] Level 1:colcon.colcon_core.package_identification:_identify(src/msg_package) by extension 'ignore_ament_install'
[0.114s] Level 1:colcon.colcon_core.package_identification:_identify(src/msg_package) by extensions ['colcon_pkg']
[0.114s] Level 1:colcon.colcon_core.package_identification:_identify(src/msg_package) by extension 'colcon_pkg'
[0.114s] Level 1:colcon.colcon_core.package_identification:_identify(src/msg_package) by extensions ['colcon_meta']
[0.114s] Level 1:colcon.colcon_core.package_identification:_identify(src/msg_package) by extension 'colcon_meta'
[0.114s] Level 1:colcon.colcon_core.package_identification:_identify(src/msg_package) by extensions ['ros']
[0.114s] Level 1:colcon.colcon_core.package_identification:_identify(src/msg_package) by extension 'ros'
[0.114s] DEBUG:colcon.colcon_core.package_identification:Package 'src/msg_package' with type 'ros.ament_cmake' and name 'msg_package'
[0.114s] Level 1:colcon.colcon_core.package_identification:_identify(src/talker_node) by extensions ['ignore', 'ignore_ament_install']
[0.114s] Level 1:colcon.colcon_core.package_identification:_identify(src/talker_node) by extension 'ignore'
[0.114s] Level 1:colcon.colcon_core.package_identification:_identify(src/talker_node) by extension 'ignore_ament_install'
[0.114s] Level 1:colcon.colcon_core.package_identification:_identify(src/talker_node) by extensions ['colcon_pkg']
[0.114s] Level 1:colcon.colcon_core.package_identification:_identify(src/talker_node) by extension 'colcon_pkg'
[0.114s] Level 1:colcon.colcon_core.package_identification:_identify(src/talker_node) by extensions ['colcon_meta']
[0.114s] Level 1:colcon.colcon_core.package_identification:_identify(src/talker_node) by extension 'colcon_meta'
[0.114s] Level 1:colcon.colcon_core.package_identification:_identify(src/talker_node) by extensions ['ros']
[0.114s] Level 1:colcon.colcon_core.package_identification:_identify(src/talker_node) by extension 'ros'
[0.114s] DEBUG:colcon.colcon_core.package_identification:Package 'src/talker_node' with type 'ros.ament_cmake' and name 'talker_node'
[0.115s] Level 1:colcon.colcon_core.package_discovery:discover_packages(recursive) using defaults
[0.115s] Level 1:colcon.colcon_core.package_discovery:discover_packages(ignore) discover
[0.115s] Level 1:colcon.colcon_core.package_discovery:discover_packages(ignore) using defaults
[0.115s] Level 1:colcon.colcon_core.package_discovery:discover_packages(path) discover
[0.115s] Level 1:colcon.colcon_core.package_discovery:discover_packages(path) using defaults
[0.126s] Level 1:colcon.colcon_core.package_discovery:discover_packages(prefix_path) check parameters
[0.126s] Level 1:colcon.colcon_core.package_discovery:discover_packages(prefix_path) discover
[0.126s] WARNING:colcon.colcon_ros.prefix_path.ament:The path '/home/paulwetzel/repo/rise-repos/exo2-new/course/ros2course/ch2-3-make-the-nodes-talk/install/talker_node' in the environment variable AMENT_PREFIX_PATH doesn't exist
[0.126s] WARNING:colcon.colcon_ros.prefix_path.ament:The path '/home/paulwetzel/repo/rise-repos/exo2-new/course/ros2course/ch2-3-make-the-nodes-talk/install/msg_package' in the environment variable AMENT_PREFIX_PATH doesn't exist
[0.126s] WARNING:colcon.colcon_ros.prefix_path.ament:The path '/home/paulwetzel/repo/rise-repos/exo2-new/course/ros2course/ch2-3-make-the-nodes-talk/install/listener_node' in the environment variable AMENT_PREFIX_PATH doesn't exist
[0.126s] WARNING:colcon.colcon_ros.prefix_path.ament:The path '/home/paulwetzel/repo/rise-repos/exo2-new/course/ros2course/ch2-3-make-the-nodes-talk/install/broadcast_node' in the environment variable AMENT_PREFIX_PATH doesn't exist
[0.127s] WARNING:colcon.colcon_ros.prefix_path.catkin:The path '/home/paulwetzel/repo/rise-repos/exo2-new/course/ros2course/ch2-3-make-the-nodes-talk/install/talker_node' in the environment variable CMAKE_PREFIX_PATH doesn't exist
[0.127s] WARNING:colcon.colcon_ros.prefix_path.catkin:The path '/home/paulwetzel/repo/rise-repos/exo2-new/course/ros2course/ch2-3-make-the-nodes-talk/install/msg_package' in the environment variable CMAKE_PREFIX_PATH doesn't exist
[0.128s] DEBUG:colcon.colcon_installed_package_information.package_discovery:Found 0 installed packages in /home/paulwetzel/repo/rise-repos/exo2-new/course/ros2course/ch2-3-make-the-nodes-talk/install
[0.129s] DEBUG:colcon.colcon_installed_package_information.package_discovery:Found 285 installed packages in /opt/ros/jazzy
[0.129s] Level 1:colcon.colcon_core.package_discovery:discover_packages(prefix_path) using defaults
[0.154s] Level 5:colcon.colcon_core.verb:set package 'listener_node' build argument 'cmake_args' from command line to 'None'
[0.154s] Level 5:colcon.colcon_core.verb:set package 'listener_node' build argument 'cmake_target' from command line to 'None'
[0.154s] Level 5:colcon.colcon_core.verb:set package 'listener_node' build argument 'cmake_target_skip_unavailable' from command line to 'False'
[0.154s] Level 5:colcon.colcon_core.verb:set package 'listener_node' build argument 'cmake_clean_cache' from command line to 'False'
[0.155s] Level 5:colcon.colcon_core.verb:set package 'listener_node' build argument 'cmake_clean_first' from command line to 'False'
[0.155s] Level 5:colcon.colcon_core.verb:set package 'listener_node' build argument 'cmake_force_configure' from command line to 'False'
[0.155s] Level 5:colcon.colcon_core.verb:set package 'listener_node' build argument 'ament_cmake_args' from command line to 'None'
[0.155s] Level 5:colcon.colcon_core.verb:set package 'listener_node' build argument 'catkin_cmake_args' from command line to 'None'
[0.155s] Level 5:colcon.colcon_core.verb:set package 'listener_node' build argument 'catkin_skip_building_tests' from command line to 'False'
[0.155s] DEBUG:colcon.colcon_core.verb:Building package 'listener_node' with the following arguments: {'ament_cmake_args': None, 'build_base': '/home/paulwetzel/repo/rise-repos/exo2-new/course/ros2course/ch2-3-make-the-nodes-talk/build/listener_node', 'catkin_cmake_args': None, 'catkin_skip_building_tests': False, 'cmake_args': None, 'cmake_clean_cache': False, 'cmake_clean_first': False, 'cmake_force_configure': False, 'cmake_target': None, 'cmake_target_skip_unavailable': False, 'install_base': '/home/paulwetzel/repo/rise-repos/exo2-new/course/ros2course/ch2-3-make-the-nodes-talk/install/listener_node', 'merge_install': False, 'path': '/home/paulwetzel/repo/rise-repos/exo2-new/course/ros2course/ch2-3-make-the-nodes-talk/src/listener_node', 'symlink_install': True, 'test_result_base': None}
[0.155s] Level 5:colcon.colcon_core.verb:set package 'msg_package' build argument 'cmake_args' from command line to 'None'
[0.155s] Level 5:colcon.colcon_core.verb:set package 'msg_package' build argument 'cmake_target' from command line to 'None'
[0.155s] Level 5:colcon.colcon_core.verb:set package 'msg_package' build argument 'cmake_target_skip_unavailable' from command line to 'False'
[0.155s] Level 5:colcon.colcon_core.verb:set package 'msg_package' build argument 'cmake_clean_cache' from command line to 'False'
[0.155s] Level 5:colcon.colcon_core.verb:set package 'msg_package' build argument 'cmake_clean_first' from command line to 'False'
[0.155s] Level 5:colcon.colcon_core.verb:set package 'msg_package' build argument 'cmake_force_configure' from command line to 'False'
[0.155s] Level 5:colcon.colcon_core.verb:set package 'msg_package' build argument 'ament_cmake_args' from command line to 'None'
[0.155s] Level 5:colcon.colcon_core.verb:set package 'msg_package' build argument 'catkin_cmake_args' from command line to 'None'
[0.155s] Level 5:colcon.colcon_core.verb:set package 'msg_package' build argument 'catkin_skip_building_tests' from command line to 'False'
[0.155s] DEBUG:colcon.colcon_core.verb:Building package 'msg_package' with the following arguments: {'ament_cmake_args': None, 'build_base': '/home/paulwetzel/repo/rise-repos/exo2-new/course/ros2course/ch2-3-make-the-nodes-talk/build/msg_package', 'catkin_cmake_args': None, 'catkin_skip_building_tests': False, 'cmake_args': None, 'cmake_clean_cache': False, 'cmake_clean_first': False, 'cmake_force_configure': False, 'cmake_target': None, 'cmake_target_skip_unavailable': False, 'install_base': '/home/paulwetzel/repo/rise-repos/exo2-new/course/ros2course/ch2-3-make-the-nodes-talk/install/msg_package', 'merge_install': False, 'path': '/home/paulwetzel/repo/rise-repos/exo2-new/course/ros2course/ch2-3-make-the-nodes-talk/src/msg_package', 'symlink_install': True, 'test_result_base': None}
[0.155s] Level 5:colcon.colcon_core.verb:set package 'broadcast_node' build argument 'cmake_args' from command line to 'None'
[0.155s] Level 5:colcon.colcon_core.verb:set package 'broadcast_node' build argument 'cmake_target' from command line to 'None'
[0.155s] Level 5:colcon.colcon_core.verb:set package 'broadcast_node' build argument 'cmake_target_skip_unavailable' from command line to 'False'
[0.155s] Level 5:colcon.colcon_core.verb:set package 'broadcast_node' build argument 'cmake_clean_cache' from command line to 'False'
[0.155s] Level 5:colcon.colcon_core.verb:set package 'broadcast_node' build argument 'cmake_clean_first' from command line to 'False'
[0.155s] Level 5:colcon.colcon_core.verb:set package 'broadcast_node' build argument 'cmake_force_configure' from command line to 'False'
[0.155s] Level 5:colcon.colcon_core.verb:set package 'broadcast_node' build argument 'ament_cmake_args' from command line to 'None'
[0.155s] Level 5:colcon.colcon_core.verb:set package 'broadcast_node' build argument 'catkin_cmake_args' from command line to 'None'
[0.155s] Level 5:colcon.colcon_core.verb:set package 'broadcast_node' build argument 'catkin_skip_building_tests' from command line to 'False'
[0.155s] DEBUG:colcon.colcon_core.verb:Building package 'broadcast_node' with the following arguments: {'ament_cmake_args': None, 'build_base': '/home/paulwetzel/repo/rise-repos/exo2-new/course/ros2course/ch2-3-make-the-nodes-talk/build/broadcast_node', 'catkin_cmake_args': None, 'catkin_skip_building_tests': False, 'cmake_args': None, 'cmake_clean_cache': False, 'cmake_clean_first': False, 'cmake_force_configure': False, 'cmake_target': None, 'cmake_target_skip_unavailable': False, 'install_base': '/home/paulwetzel/repo/rise-repos/exo2-new/course/ros2course/ch2-3-make-the-nodes-talk/install/broadcast_node', 'merge_install': False, 'path': '/home/paulwetzel/repo/rise-repos/exo2-new/course/ros2course/ch2-3-make-the-nodes-talk/src/broadcast_node', 'symlink_install': True, 'test_result_base': None}
[0.155s] Level 5:colcon.colcon_core.verb:set package 'talker_node' build argument 'cmake_args' from command line to 'None'
[0.155s] Level 5:colcon.colcon_core.verb:set package 'talker_node' build argument 'cmake_target' from command line to 'None'
[0.155s] Level 5:colcon.colcon_core.verb:set package 'talker_node' build argument 'cmake_target_skip_unavailable' from command line to 'False'
[0.155s] Level 5:colcon.colcon_core.verb:set package 'talker_node' build argument 'cmake_clean_cache' from command line to 'False'
[0.155s] Level 5:colcon.colcon_core.verb:set package 'talker_node' build argument 'cmake_clean_first' from command line to 'False'
[0.155s] Level 5:colcon.colcon_core.verb:set package 'talker_node' build argument 'cmake_force_configure' from command line to 'False'
[0.155s] Level 5:colcon.colcon_core.verb:set package 'talker_node' build argument 'ament_cmake_args' from command line to 'None'
[0.155s] Level 5:colcon.colcon_core.verb:set package 'talker_node' build argument 'catkin_cmake_args' from command line to 'None'
[0.155s] Level 5:colcon.colcon_core.verb:set package 'talker_node' build argument 'catkin_skip_building_tests' from command line to 'False'
[0.155s] DEBUG:colcon.colcon_core.verb:Building package 'talker_node' with the following arguments: {'ament_cmake_args': None, 'build_base': '/home/paulwetzel/repo/rise-repos/exo2-new/course/ros2course/ch2-3-make-the-nodes-talk/build/talker_node', 'catkin_cmake_args': None, 'catkin_skip_building_tests': False, 'cmake_args': None, 'cmake_clean_cache': False, 'cmake_clean_first': False, 'cmake_force_configure': False, 'cmake_target': None, 'cmake_target_skip_unavailable': False, 'install_base': '/home/paulwetzel/repo/rise-repos/exo2-new/course/ros2course/ch2-3-make-the-nodes-talk/install/talker_node', 'merge_install': False, 'path': '/home/paulwetzel/repo/rise-repos/exo2-new/course/ros2course/ch2-3-make-the-nodes-talk/src/talker_node', 'symlink_install': True, 'test_result_base': None}
[0.155s] INFO:colcon.colcon_core.executor:Executing jobs using 'parallel' executor
[0.156s] DEBUG:colcon.colcon_parallel_executor.executor.parallel:run_until_complete
[0.156s] INFO:colcon.colcon_ros.task.ament_cmake.build:Building ROS package in '/home/paulwetzel/repo/rise-repos/exo2-new/course/ros2course/ch2-3-make-the-nodes-talk/src/msg_package' with build type 'ament_cmake'
[0.156s] INFO:colcon.colcon_cmake.task.cmake.build:Building CMake package in '/home/paulwetzel/repo/rise-repos/exo2-new/course/ros2course/ch2-3-make-the-nodes-talk/src/msg_package'
[0.158s] INFO:colcon.colcon_core.plugin_system:Skipping extension 'colcon_core.shell.bat': Not used on non-Windows systems
[0.158s] INFO:colcon.colcon_core.shell:Skip shell extension 'powershell' for command environment: Not usable outside of PowerShell
[0.158s] DEBUG:colcon.colcon_core.shell:Skip shell extension 'dsv' for command environment
[0.160s] INFO:colcon.colcon_ros.task.ament_python.build:Building ROS package in '/home/paulwetzel/repo/rise-repos/exo2-new/course/ros2course/ch2-3-make-the-nodes-talk/src/listener_node' with build type 'ament_python'
[0.160s] Level 1:colcon.colcon_core.shell:create_environment_hook('listener_node', 'ament_prefix_path')
[0.160s] INFO:colcon.colcon_core.shell:Creating environment hook '/home/paulwetzel/repo/rise-repos/exo2-new/course/ros2course/ch2-3-make-the-nodes-talk/install/listener_node/share/listener_node/hook/ament_prefix_path.ps1'
[0.160s] INFO:colcon.colcon_core.shell:Creating environment descriptor '/home/paulwetzel/repo/rise-repos/exo2-new/course/ros2course/ch2-3-make-the-nodes-talk/install/listener_node/share/listener_node/hook/ament_prefix_path.dsv'
[0.161s] INFO:colcon.colcon_core.shell:Creating environment hook '/home/paulwetzel/repo/rise-repos/exo2-new/course/ros2course/ch2-3-make-the-nodes-talk/install/listener_node/share/listener_node/hook/ament_prefix_path.sh'
[0.161s] INFO:colcon.colcon_core.shell:Skip shell extension 'powershell' for command environment: Not usable outside of PowerShell
[0.161s] DEBUG:colcon.colcon_core.shell:Skip shell extension 'dsv' for command environment
[0.165s] DEBUG:colcon.colcon_core.event_handler.log_command:Invoking command in '/home/paulwetzel/repo/rise-repos/exo2-new/course/ros2course/ch2-3-make-the-nodes-talk/build/msg_package': CMAKE_PREFIX_PATH=${CMAKE_PREFIX_PATH}:/home/paulwetzel/repo/rise-repos/exo2-new/course/ros2course/ch2-3-make-the-nodes-talk/install/listener_node:/home/paulwetzel/repo/rise-repos/exo2-new/course/ros2course/ch2-3-make-the-nodes-talk/install/broadcast_node:/opt/ros/jazzy CONDA_PROMPT_MODIFIER=(base) DEBUGINFOD_URLS=https://debuginfod.ubuntu.com /usr/bin/cmake /home/paulwetzel/repo/rise-repos/exo2-new/course/ros2course/ch2-3-make-the-nodes-talk/src/msg_package -DAMENT_CMAKE_SYMLINK_INSTALL=1 -DCMAKE_INSTALL_PREFIX=/home/paulwetzel/repo/rise-repos/exo2-new/course/ros2course/ch2-3-make-the-nodes-talk/install/msg_package
[0.359s] INFO:colcon.colcon_core.task.python.build:Building Python package in '/home/paulwetzel/repo/rise-repos/exo2-new/course/ros2course/ch2-3-make-the-nodes-talk/src/listener_node'
[0.360s] INFO:colcon.colcon_core.shell:Skip shell extension 'powershell' for command environment: Not usable outside of PowerShell
[0.360s] DEBUG:colcon.colcon_core.shell:Skip shell extension 'dsv' for command environment
[0.857s] DEBUG:colcon.colcon_core.event_handler.log_command:Invoking command in '/home/paulwetzel/repo/rise-repos/exo2-new/course/ros2course/ch2-3-make-the-nodes-talk/build/listener_node': CONDA_PROMPT_MODIFIER=(base) DEBUGINFOD_URLS=https://debuginfod.ubuntu.com PYTHONPATH=/home/paulwetzel/repo/rise-repos/exo2-new/course/ros2course/ch2-3-make-the-nodes-talk/build/listener_node/prefix_override:/usr/lib/python3/dist-packages/colcon_core/task/python/colcon_distutils_commands:/home/paulwetzel/repo/rise-repos/exo2-new/course/ros2course/ch2-3-make-the-nodes-talk/install/listener_node/lib/python3.12/site-packages:${PYTHONPATH} /usr/bin/python3 -W ignore:setup.py install is deprecated -W ignore:easy_install command is deprecated setup.py develop --editable --build-directory /home/paulwetzel/repo/rise-repos/exo2-new/course/ros2course/ch2-3-make-the-nodes-talk/build/listener_node/build --no-deps symlink_data
[1.516s] Level 1:colcon.colcon_core.shell:create_environment_hook('listener_node', 'pythonpath_develop')
[1.516s] INFO:colcon.colcon_core.shell:Creating environment hook '/home/paulwetzel/repo/rise-repos/exo2-new/course/ros2course/ch2-3-make-the-nodes-talk/build/listener_node/share/listener_node/hook/pythonpath_develop.ps1'
[1.516s] DEBUG:colcon.colcon_core.event_handler.log_command:Invoked command in '/home/paulwetzel/repo/rise-repos/exo2-new/course/ros2course/ch2-3-make-the-nodes-talk/build/listener_node' returned '0': CONDA_PROMPT_MODIFIER=(base) DEBUGINFOD_URLS=https://debuginfod.ubuntu.com PYTHONPATH=/home/paulwetzel/repo/rise-repos/exo2-new/course/ros2course/ch2-3-make-the-nodes-talk/build/listener_node/prefix_override:/usr/lib/python3/dist-packages/colcon_core/task/python/colcon_distutils_commands:/home/paulwetzel/repo/rise-repos/exo2-new/course/ros2course/ch2-3-make-the-nodes-talk/install/listener_node/lib/python3.12/site-packages:${PYTHONPATH} /usr/bin/python3 -W ignore:setup.py install is deprecated -W ignore:easy_install command is deprecated setup.py develop --editable --build-directory /home/paulwetzel/repo/rise-repos/exo2-new/course/ros2course/ch2-3-make-the-nodes-talk/build/listener_node/build --no-deps symlink_data
[1.517s] INFO:colcon.colcon_core.shell:Creating environment descriptor '/home/paulwetzel/repo/rise-repos/exo2-new/course/ros2course/ch2-3-make-the-nodes-talk/build/listener_node/share/listener_node/hook/pythonpath_develop.dsv'
[1.517s] INFO:colcon.colcon_core.shell:Creating environment hook '/home/paulwetzel/repo/rise-repos/exo2-new/course/ros2course/ch2-3-make-the-nodes-talk/build/listener_node/share/listener_node/hook/pythonpath_develop.sh'
[1.519s] Level 1:colcon.colcon_core.environment:checking '/home/paulwetzel/repo/rise-repos/exo2-new/course/ros2course/ch2-3-make-the-nodes-talk/install/listener_node' for CMake module files
[1.519s] Level 1:colcon.colcon_core.environment:checking '/home/paulwetzel/repo/rise-repos/exo2-new/course/ros2course/ch2-3-make-the-nodes-talk/install/listener_node' for CMake config files
[1.520s] Level 1:colcon.colcon_core.environment:checking '/home/paulwetzel/repo/rise-repos/exo2-new/course/ros2course/ch2-3-make-the-nodes-talk/install/listener_node/lib'
[1.520s] Level 1:colcon.colcon_core.environment:checking '/home/paulwetzel/repo/rise-repos/exo2-new/course/ros2course/ch2-3-make-the-nodes-talk/install/listener_node/bin'
[1.520s] Level 1:colcon.colcon_core.environment:checking '/home/paulwetzel/repo/rise-repos/exo2-new/course/ros2course/ch2-3-make-the-nodes-talk/install/listener_node/lib/pkgconfig/listener_node.pc'
[1.520s] Level 1:colcon.colcon_core.environment:checking '/home/paulwetzel/repo/rise-repos/exo2-new/course/ros2course/ch2-3-make-the-nodes-talk/install/listener_node/lib/python3.12/site-packages'
[1.520s] Level 1:colcon.colcon_core.shell:create_environment_hook('listener_node', 'pythonpath')
[1.520s] INFO:colcon.colcon_core.shell:Creating environment hook '/home/paulwetzel/repo/rise-repos/exo2-new/course/ros2course/ch2-3-make-the-nodes-talk/install/listener_node/share/listener_node/hook/pythonpath.ps1'
[1.520s] INFO:colcon.colcon_core.shell:Creating environment descriptor '/home/paulwetzel/repo/rise-repos/exo2-new/course/ros2course/ch2-3-make-the-nodes-talk/install/listener_node/share/listener_node/hook/pythonpath.dsv'
[1.520s] INFO:colcon.colcon_core.shell:Creating environment hook '/home/paulwetzel/repo/rise-repos/exo2-new/course/ros2course/ch2-3-make-the-nodes-talk/install/listener_node/share/listener_node/hook/pythonpath.sh'
[1.521s] Level 1:colcon.colcon_core.environment:checking '/home/paulwetzel/repo/rise-repos/exo2-new/course/ros2course/ch2-3-make-the-nodes-talk/install/listener_node/bin'
[1.521s] Level 1:colcon.colcon_core.environment:create_environment_scripts_only(listener_node)
[1.521s] INFO:colcon.colcon_core.shell:Creating package script '/home/paulwetzel/repo/rise-repos/exo2-new/course/ros2course/ch2-3-make-the-nodes-talk/install/listener_node/share/listener_node/package.ps1'
[1.521s] INFO:colcon.colcon_core.shell:Creating package descriptor '/home/paulwetzel/repo/rise-repos/exo2-new/course/ros2course/ch2-3-make-the-nodes-talk/install/listener_node/share/listener_node/package.dsv'
[1.522s] INFO:colcon.colcon_core.shell:Creating package script '/home/paulwetzel/repo/rise-repos/exo2-new/course/ros2course/ch2-3-make-the-nodes-talk/install/listener_node/share/listener_node/package.sh'
[1.522s] INFO:colcon.colcon_core.shell:Creating package script '/home/paulwetzel/repo/rise-repos/exo2-new/course/ros2course/ch2-3-make-the-nodes-talk/install/listener_node/share/listener_node/package.bash'
[1.522s] INFO:colcon.colcon_core.shell:Creating package script '/home/paulwetzel/repo/rise-repos/exo2-new/course/ros2course/ch2-3-make-the-nodes-talk/install/listener_node/share/listener_node/package.zsh'
[1.522s] Level 1:colcon.colcon_core.environment:create_file_with_runtime_dependencies(/home/paulwetzel/repo/rise-repos/exo2-new/course/ros2course/ch2-3-make-the-nodes-talk/install/listener_node/share/colcon-core/packages/listener_node)
[2.775s] DEBUG:colcon.colcon_core.event_handler.log_command:Invoked command in '/home/paulwetzel/repo/rise-repos/exo2-new/course/ros2course/ch2-3-make-the-nodes-talk/build/msg_package' returned '0': CMAKE_PREFIX_PATH=${CMAKE_PREFIX_PATH}:/home/paulwetzel/repo/rise-repos/exo2-new/course/ros2course/ch2-3-make-the-nodes-talk/install/listener_node:/home/paulwetzel/repo/rise-repos/exo2-new/course/ros2course/ch2-3-make-the-nodes-talk/install/broadcast_node:/opt/ros/jazzy CONDA_PROMPT_MODIFIER=(base) DEBUGINFOD_URLS=https://debuginfod.ubuntu.com /usr/bin/cmake /home/paulwetzel/repo/rise-repos/exo2-new/course/ros2course/ch2-3-make-the-nodes-talk/src/msg_package -DAMENT_CMAKE_SYMLINK_INSTALL=1 -DCMAKE_INSTALL_PREFIX=/home/paulwetzel/repo/rise-repos/exo2-new/course/ros2course/ch2-3-make-the-nodes-talk/install/msg_package
[2.776s] DEBUG:colcon.colcon_core.event_handler.log_command:Invoking command in '/home/paulwetzel/repo/rise-repos/exo2-new/course/ros2course/ch2-3-make-the-nodes-talk/build/msg_package': CMAKE_PREFIX_PATH=${CMAKE_PREFIX_PATH}:/home/paulwetzel/repo/rise-repos/exo2-new/course/ros2course/ch2-3-make-the-nodes-talk/install/listener_node:/home/paulwetzel/repo/rise-repos/exo2-new/course/ros2course/ch2-3-make-the-nodes-talk/install/broadcast_node:/opt/ros/jazzy CONDA_PROMPT_MODIFIER=(base) DEBUGINFOD_URLS=https://debuginfod.ubuntu.com /usr/bin/cmake --build /home/paulwetzel/repo/rise-repos/exo2-new/course/ros2course/ch2-3-make-the-nodes-talk/build/msg_package -- -j16 -l16
[4.903s] DEBUG:colcon.colcon_core.event_handler.log_command:Invoked command in '/home/paulwetzel/repo/rise-repos/exo2-new/course/ros2course/ch2-3-make-the-nodes-talk/build/msg_package' returned '0': CMAKE_PREFIX_PATH=${CMAKE_PREFIX_PATH}:/home/paulwetzel/repo/rise-repos/exo2-new/course/ros2course/ch2-3-make-the-nodes-talk/install/listener_node:/home/paulwetzel/repo/rise-repos/exo2-new/course/ros2course/ch2-3-make-the-nodes-talk/install/broadcast_node:/opt/ros/jazzy CONDA_PROMPT_MODIFIER=(base) DEBUGINFOD_URLS=https://debuginfod.ubuntu.com /usr/bin/cmake --build /home/paulwetzel/repo/rise-repos/exo2-new/course/ros2course/ch2-3-make-the-nodes-talk/build/msg_package -- -j16 -l16
[4.913s] DEBUG:colcon.colcon_core.event_handler.log_command:Invoking command in '/home/paulwetzel/repo/rise-repos/exo2-new/course/ros2course/ch2-3-make-the-nodes-talk/build/msg_package': CMAKE_PREFIX_PATH=${CMAKE_PREFIX_PATH}:/home/paulwetzel/repo/rise-repos/exo2-new/course/ros2course/ch2-3-make-the-nodes-talk/install/listener_node:/home/paulwetzel/repo/rise-repos/exo2-new/course/ros2course/ch2-3-make-the-nodes-talk/install/broadcast_node:/opt/ros/jazzy CONDA_PROMPT_MODIFIER=(base) DEBUGINFOD_URLS=https://debuginfod.ubuntu.com /usr/bin/cmake --install /home/paulwetzel/repo/rise-repos/exo2-new/course/ros2course/ch2-3-make-the-nodes-talk/build/msg_package
[5.678s] Level 1:colcon.colcon_core.environment:create_environment_scripts_only(msg_package)
[5.678s] Level 1:colcon.colcon_core.environment:checking '/home/paulwetzel/repo/rise-repos/exo2-new/course/ros2course/ch2-3-make-the-nodes-talk/install/msg_package' for CMake module files
[5.679s] DEBUG:colcon.colcon_core.event_handler.log_command:Invoked command in '/home/paulwetzel/repo/rise-repos/exo2-new/course/ros2course/ch2-3-make-the-nodes-talk/build/msg_package' returned '0': CMAKE_PREFIX_PATH=${CMAKE_PREFIX_PATH}:/home/paulwetzel/repo/rise-repos/exo2-new/course/ros2course/ch2-3-make-the-nodes-talk/install/listener_node:/home/paulwetzel/repo/rise-repos/exo2-new/course/ros2course/ch2-3-make-the-nodes-talk/install/broadcast_node:/opt/ros/jazzy CONDA_PROMPT_MODIFIER=(base) DEBUGINFOD_URLS=https://debuginfod.ubuntu.com /usr/bin/cmake --install /home/paulwetzel/repo/rise-repos/exo2-new/course/ros2course/ch2-3-make-the-nodes-talk/build/msg_package
[5.679s] Level 1:colcon.colcon_core.environment:checking '/home/paulwetzel/repo/rise-repos/exo2-new/course/ros2course/ch2-3-make-the-nodes-talk/install/msg_package' for CMake config files
[5.680s] Level 1:colcon.colcon_core.shell:create_environment_hook('msg_package', 'cmake_prefix_path')
[5.680s] INFO:colcon.colcon_core.shell:Creating environment hook '/home/paulwetzel/repo/rise-repos/exo2-new/course/ros2course/ch2-3-make-the-nodes-talk/install/msg_package/share/msg_package/hook/cmake_prefix_path.ps1'
[5.681s] INFO:colcon.colcon_core.shell:Creating environment descriptor '/home/paulwetzel/repo/rise-repos/exo2-new/course/ros2course/ch2-3-make-the-nodes-talk/install/msg_package/share/msg_package/hook/cmake_prefix_path.dsv'
[5.681s] INFO:colcon.colcon_core.shell:Creating environment hook '/home/paulwetzel/repo/rise-repos/exo2-new/course/ros2course/ch2-3-make-the-nodes-talk/install/msg_package/share/msg_package/hook/cmake_prefix_path.sh'
[5.681s] Level 1:colcon.colcon_core.environment:checking '/home/paulwetzel/repo/rise-repos/exo2-new/course/ros2course/ch2-3-make-the-nodes-talk/install/msg_package/lib'
[5.681s] Level 1:colcon.colcon_core.shell:create_environment_hook('msg_package', 'ld_library_path_lib')
[5.682s] INFO:colcon.colcon_core.shell:Creating environment hook '/home/paulwetzel/repo/rise-repos/exo2-new/course/ros2course/ch2-3-make-the-nodes-talk/install/msg_package/share/msg_package/hook/ld_library_path_lib.ps1'
[5.682s] INFO:colcon.colcon_core.shell:Creating environment descriptor '/home/paulwetzel/repo/rise-repos/exo2-new/course/ros2course/ch2-3-make-the-nodes-talk/install/msg_package/share/msg_package/hook/ld_library_path_lib.dsv'
[5.682s] INFO:colcon.colcon_core.shell:Creating environment hook '/home/paulwetzel/repo/rise-repos/exo2-new/course/ros2course/ch2-3-make-the-nodes-talk/install/msg_package/share/msg_package/hook/ld_library_path_lib.sh'
[5.682s] Level 1:colcon.colcon_core.environment:checking '/home/paulwetzel/repo/rise-repos/exo2-new/course/ros2course/ch2-3-make-the-nodes-talk/install/msg_package/bin'
[5.682s] Level 1:colcon.colcon_core.environment:checking '/home/paulwetzel/repo/rise-repos/exo2-new/course/ros2course/ch2-3-make-the-nodes-talk/install/msg_package/lib/pkgconfig/msg_package.pc'
[5.682s] Level 1:colcon.colcon_core.environment:checking '/home/paulwetzel/repo/rise-repos/exo2-new/course/ros2course/ch2-3-make-the-nodes-talk/install/msg_package/lib/python3.12/site-packages'
[5.682s] Level 1:colcon.colcon_core.shell:create_environment_hook('msg_package', 'pythonpath')
[5.683s] INFO:colcon.colcon_core.shell:Creating environment hook '/home/paulwetzel/repo/rise-repos/exo2-new/course/ros2course/ch2-3-make-the-nodes-talk/install/msg_package/share/msg_package/hook/pythonpath.ps1'
[5.683s] INFO:colcon.colcon_core.shell:Creating environment descriptor '/home/paulwetzel/repo/rise-repos/exo2-new/course/ros2course/ch2-3-make-the-nodes-talk/install/msg_package/share/msg_package/hook/pythonpath.dsv'
[5.683s] INFO:colcon.colcon_core.shell:Creating environment hook '/home/paulwetzel/repo/rise-repos/exo2-new/course/ros2course/ch2-3-make-the-nodes-talk/install/msg_package/share/msg_package/hook/pythonpath.sh'
[5.683s] Level 1:colcon.colcon_core.environment:checking '/home/paulwetzel/repo/rise-repos/exo2-new/course/ros2course/ch2-3-make-the-nodes-talk/install/msg_package/bin'
[5.684s] INFO:colcon.colcon_core.shell:Creating package script '/home/paulwetzel/repo/rise-repos/exo2-new/course/ros2course/ch2-3-make-the-nodes-talk/install/msg_package/share/msg_package/package.ps1'
[5.684s] INFO:colcon.colcon_core.shell:Creating package descriptor '/home/paulwetzel/repo/rise-repos/exo2-new/course/ros2course/ch2-3-make-the-nodes-talk/install/msg_package/share/msg_package/package.dsv'
[5.684s] INFO:colcon.colcon_core.shell:Creating package script '/home/paulwetzel/repo/rise-repos/exo2-new/course/ros2course/ch2-3-make-the-nodes-talk/install/msg_package/share/msg_package/package.sh'
[5.684s] INFO:colcon.colcon_core.shell:Creating package script '/home/paulwetzel/repo/rise-repos/exo2-new/course/ros2course/ch2-3-make-the-nodes-talk/install/msg_package/share/msg_package/package.bash'
[5.685s] INFO:colcon.colcon_core.shell:Creating package script '/home/paulwetzel/repo/rise-repos/exo2-new/course/ros2course/ch2-3-make-the-nodes-talk/install/msg_package/share/msg_package/package.zsh'
[5.685s] Level 1:colcon.colcon_core.environment:create_file_with_runtime_dependencies(/home/paulwetzel/repo/rise-repos/exo2-new/course/ros2course/ch2-3-make-the-nodes-talk/install/msg_package/share/colcon-core/packages/msg_package)
[5.685s] Level 1:colcon.colcon_core.environment:create_environment_scripts_only(msg_package)
[5.685s] Level 1:colcon.colcon_core.environment:checking '/home/paulwetzel/repo/rise-repos/exo2-new/course/ros2course/ch2-3-make-the-nodes-talk/install/msg_package' for CMake module files
[5.686s] Level 1:colcon.colcon_core.environment:checking '/home/paulwetzel/repo/rise-repos/exo2-new/course/ros2course/ch2-3-make-the-nodes-talk/install/msg_package' for CMake config files
[5.686s] Level 1:colcon.colcon_core.shell:create_environment_hook('msg_package', 'cmake_prefix_path')
[5.686s] INFO:colcon.colcon_core.shell:Creating environment hook '/home/paulwetzel/repo/rise-repos/exo2-new/course/ros2course/ch2-3-make-the-nodes-talk/install/msg_package/share/msg_package/hook/cmake_prefix_path.ps1'
[5.686s] INFO:colcon.colcon_core.shell:Creating environment descriptor '/home/paulwetzel/repo/rise-repos/exo2-new/course/ros2course/ch2-3-make-the-nodes-talk/install/msg_package/share/msg_package/hook/cmake_prefix_path.dsv'
[5.686s] INFO:colcon.colcon_core.shell:Creating environment hook '/home/paulwetzel/repo/rise-repos/exo2-new/course/ros2course/ch2-3-make-the-nodes-talk/install/msg_package/share/msg_package/hook/cmake_prefix_path.sh'
[5.687s] Level 1:colcon.colcon_core.environment:checking '/home/paulwetzel/repo/rise-repos/exo2-new/course/ros2course/ch2-3-make-the-nodes-talk/install/msg_package/lib'
[5.687s] Level 1:colcon.colcon_core.shell:create_environment_hook('msg_package', 'ld_library_path_lib')
[5.687s] INFO:colcon.colcon_core.shell:Creating environment hook '/home/paulwetzel/repo/rise-repos/exo2-new/course/ros2course/ch2-3-make-the-nodes-talk/install/msg_package/share/msg_package/hook/ld_library_path_lib.ps1'
[5.687s] INFO:colcon.colcon_core.shell:Creating environment descriptor '/home/paulwetzel/repo/rise-repos/exo2-new/course/ros2course/ch2-3-make-the-nodes-talk/install/msg_package/share/msg_package/hook/ld_library_path_lib.dsv'
[5.687s] INFO:colcon.colcon_core.shell:Creating environment hook '/home/paulwetzel/repo/rise-repos/exo2-new/course/ros2course/ch2-3-make-the-nodes-talk/install/msg_package/share/msg_package/hook/ld_library_path_lib.sh'
[5.687s] Level 1:colcon.colcon_core.environment:checking '/home/paulwetzel/repo/rise-repos/exo2-new/course/ros2course/ch2-3-make-the-nodes-talk/install/msg_package/bin'
[5.687s] Level 1:colcon.colcon_core.environment:checking '/home/paulwetzel/repo/rise-repos/exo2-new/course/ros2course/ch2-3-make-the-nodes-talk/install/msg_package/lib/pkgconfig/msg_package.pc'
[5.687s] Level 1:colcon.colcon_core.environment:checking '/home/paulwetzel/repo/rise-repos/exo2-new/course/ros2course/ch2-3-make-the-nodes-talk/install/msg_package/lib/python3.12/site-packages'
[5.688s] Level 1:colcon.colcon_core.shell:create_environment_hook('msg_package', 'pythonpath')
[5.688s] INFO:colcon.colcon_core.shell:Creating environment hook '/home/paulwetzel/repo/rise-repos/exo2-new/course/ros2course/ch2-3-make-the-nodes-talk/install/msg_package/share/msg_package/hook/pythonpath.ps1'
[5.688s] INFO:colcon.colcon_core.shell:Creating environment descriptor '/home/paulwetzel/repo/rise-repos/exo2-new/course/ros2course/ch2-3-make-the-nodes-talk/install/msg_package/share/msg_package/hook/pythonpath.dsv'
[5.688s] INFO:colcon.colcon_core.shell:Creating environment hook '/home/paulwetzel/repo/rise-repos/exo2-new/course/ros2course/ch2-3-make-the-nodes-talk/install/msg_package/share/msg_package/hook/pythonpath.sh'
[5.688s] Level 1:colcon.colcon_core.environment:checking '/home/paulwetzel/repo/rise-repos/exo2-new/course/ros2course/ch2-3-make-the-nodes-talk/install/msg_package/bin'
[5.688s] INFO:colcon.colcon_core.shell:Creating package script '/home/paulwetzel/repo/rise-repos/exo2-new/course/ros2course/ch2-3-make-the-nodes-talk/install/msg_package/share/msg_package/package.ps1'
[5.689s] INFO:colcon.colcon_core.shell:Creating package descriptor '/home/paulwetzel/repo/rise-repos/exo2-new/course/ros2course/ch2-3-make-the-nodes-talk/install/msg_package/share/msg_package/package.dsv'
[5.689s] INFO:colcon.colcon_core.shell:Creating package script '/home/paulwetzel/repo/rise-repos/exo2-new/course/ros2course/ch2-3-make-the-nodes-talk/install/msg_package/share/msg_package/package.sh'
[5.689s] INFO:colcon.colcon_core.shell:Creating package script '/home/paulwetzel/repo/rise-repos/exo2-new/course/ros2course/ch2-3-make-the-nodes-talk/install/msg_package/share/msg_package/package.bash'
[5.689s] INFO:colcon.colcon_core.shell:Creating package script '/home/paulwetzel/repo/rise-repos/exo2-new/course/ros2course/ch2-3-make-the-nodes-talk/install/msg_package/share/msg_package/package.zsh'
[5.689s] Level 1:colcon.colcon_core.environment:create_file_with_runtime_dependencies(/home/paulwetzel/repo/rise-repos/exo2-new/course/ros2course/ch2-3-make-the-nodes-talk/install/msg_package/share/colcon-core/packages/msg_package)
[5.690s] INFO:colcon.colcon_ros.task.ament_python.build:Building ROS package in '/home/paulwetzel/repo/rise-repos/exo2-new/course/ros2course/ch2-3-make-the-nodes-talk/src/broadcast_node' with build type 'ament_python'
[5.690s] Level 1:colcon.colcon_core.shell:create_environment_hook('broadcast_node', 'ament_prefix_path')
[5.690s] INFO:colcon.colcon_core.shell:Creating environment hook '/home/paulwetzel/repo/rise-repos/exo2-new/course/ros2course/ch2-3-make-the-nodes-talk/install/broadcast_node/share/broadcast_node/hook/ament_prefix_path.ps1'
[5.690s] INFO:colcon.colcon_core.shell:Creating environment descriptor '/home/paulwetzel/repo/rise-repos/exo2-new/course/ros2course/ch2-3-make-the-nodes-talk/install/broadcast_node/share/broadcast_node/hook/ament_prefix_path.dsv'
[5.690s] INFO:colcon.colcon_core.shell:Creating environment hook '/home/paulwetzel/repo/rise-repos/exo2-new/course/ros2course/ch2-3-make-the-nodes-talk/install/broadcast_node/share/broadcast_node/hook/ament_prefix_path.sh'
[5.691s] INFO:colcon.colcon_core.shell:Skip shell extension 'powershell' for command environment: Not usable outside of PowerShell
[5.691s] DEBUG:colcon.colcon_core.shell:Skip shell extension 'dsv' for command environment
[5.693s] INFO:colcon.colcon_ros.task.ament_cmake.build:Building ROS package in '/home/paulwetzel/repo/rise-repos/exo2-new/course/ros2course/ch2-3-make-the-nodes-talk/src/talker_node' with build type 'ament_cmake'
[5.693s] INFO:colcon.colcon_cmake.task.cmake.build:Building CMake package in '/home/paulwetzel/repo/rise-repos/exo2-new/course/ros2course/ch2-3-make-the-nodes-talk/src/talker_node'
[5.693s] INFO:colcon.colcon_core.shell:Skip shell extension 'powershell' for command environment: Not usable outside of PowerShell
[5.693s] DEBUG:colcon.colcon_core.shell:Skip shell extension 'dsv' for command environment
[5.877s] INFO:colcon.colcon_core.task.python.build:Building Python package in '/home/paulwetzel/repo/rise-repos/exo2-new/course/ros2course/ch2-3-make-the-nodes-talk/src/broadcast_node'
[5.877s] INFO:colcon.colcon_core.shell:Skip shell extension 'powershell' for command environment: Not usable outside of PowerShell
[5.877s] DEBUG:colcon.colcon_core.shell:Skip shell extension 'dsv' for command environment
[5.885s] DEBUG:colcon.colcon_core.event_handler.log_command:Invoking command in '/home/paulwetzel/repo/rise-repos/exo2-new/course/ros2course/ch2-3-make-the-nodes-talk/build/talker_node': CMAKE_PREFIX_PATH=/home/paulwetzel/repo/rise-repos/exo2-new/course/ros2course/ch2-3-make-the-nodes-talk/install/msg_package:/home/paulwetzel/repo/rise-repos/exo2-new/course/ros2course/ch2-3-make-the-nodes-talk/install/talker_node:/opt/ros/jazzy/opt/gz_math_vendor:/opt/ros/jazzy/opt/gz_utils_vendor:/opt/ros/jazzy/opt/gz_cmake_vendor:/home/paulwetzel/repo/rise-repos/exo2-new/course/ros2course/ch2-3-make-the-nodes-talk/install/listener_node:/home/paulwetzel/repo/rise-repos/exo2-new/course/ros2course/ch2-3-make-the-nodes-talk/install/broadcast_node:/opt/ros/jazzy CONDA_PROMPT_MODIFIER=(base) DEBUGINFOD_URLS=https://debuginfod.ubuntu.com /usr/bin/cmake /home/paulwetzel/repo/rise-repos/exo2-new/course/ros2course/ch2-3-make-the-nodes-talk/src/talker_node -DAMENT_CMAKE_SYMLINK_INSTALL=1 -DCMAKE_INSTALL_PREFIX=/home/paulwetzel/repo/rise-repos/exo2-new/course/ros2course/ch2-3-make-the-nodes-talk/install/talker_node
[6.358s] DEBUG:colcon.colcon_core.event_handler.log_command:Invoking command in '/home/paulwetzel/repo/rise-repos/exo2-new/course/ros2course/ch2-3-make-the-nodes-talk/build/broadcast_node': CMAKE_PREFIX_PATH=/home/paulwetzel/repo/rise-repos/exo2-new/course/ros2course/ch2-3-make-the-nodes-talk/install/msg_package:/home/paulwetzel/repo/rise-repos/exo2-new/course/ros2course/ch2-3-make-the-nodes-talk/install/talker_node:/opt/ros/jazzy/opt/gz_math_vendor:/opt/ros/jazzy/opt/gz_utils_vendor:/opt/ros/jazzy/opt/gz_cmake_vendor CONDA_PROMPT_MODIFIER=(base) DEBUGINFOD_URLS=https://debuginfod.ubuntu.com PYTHONPATH=/home/paulwetzel/repo/rise-repos/exo2-new/course/ros2course/ch2-3-make-the-nodes-talk/build/broadcast_node/prefix_override:/usr/lib/python3/dist-packages/colcon_core/task/python/colcon_distutils_commands:/home/paulwetzel/repo/rise-repos/exo2-new/course/ros2course/ch2-3-make-the-nodes-talk/install/broadcast_node/lib/python3.12/site-packages:${PYTHONPATH} /usr/bin/python3 -W ignore:setup.py install is deprecated -W ignore:easy_install command is deprecated setup.py develop --editable --build-directory /home/paulwetzel/repo/rise-repos/exo2-new/course/ros2course/ch2-3-make-the-nodes-talk/build/broadcast_node/build --no-deps symlink_data
[6.817s] DEBUG:colcon.colcon_core.event_handler.log_command:Invoked command in '/home/paulwetzel/repo/rise-repos/exo2-new/course/ros2course/ch2-3-make-the-nodes-talk/build/talker_node' returned '0': CMAKE_PREFIX_PATH=/home/paulwetzel/repo/rise-repos/exo2-new/course/ros2course/ch2-3-make-the-nodes-talk/install/msg_package:/home/paulwetzel/repo/rise-repos/exo2-new/course/ros2course/ch2-3-make-the-nodes-talk/install/talker_node:/opt/ros/jazzy/opt/gz_math_vendor:/opt/ros/jazzy/opt/gz_utils_vendor:/opt/ros/jazzy/opt/gz_cmake_vendor:/home/paulwetzel/repo/rise-repos/exo2-new/course/ros2course/ch2-3-make-the-nodes-talk/install/listener_node:/home/paulwetzel/repo/rise-repos/exo2-new/course/ros2course/ch2-3-make-the-nodes-talk/install/broadcast_node:/opt/ros/jazzy CONDA_PROMPT_MODIFIER=(base) DEBUGINFOD_URLS=https://debuginfod.ubuntu.com /usr/bin/cmake /home/paulwetzel/repo/rise-repos/exo2-new/course/ros2course/ch2-3-make-the-nodes-talk/src/talker_node -DAMENT_CMAKE_SYMLINK_INSTALL=1 -DCMAKE_INSTALL_PREFIX=/home/paulwetzel/repo/rise-repos/exo2-new/course/ros2course/ch2-3-make-the-nodes-talk/install/talker_node
[6.818s] DEBUG:colcon.colcon_core.event_handler.log_command:Invoking command in '/home/paulwetzel/repo/rise-repos/exo2-new/course/ros2course/ch2-3-make-the-nodes-talk/build/talker_node': CMAKE_PREFIX_PATH=/home/paulwetzel/repo/rise-repos/exo2-new/course/ros2course/ch2-3-make-the-nodes-talk/install/msg_package:/home/paulwetzel/repo/rise-repos/exo2-new/course/ros2course/ch2-3-make-the-nodes-talk/install/talker_node:/opt/ros/jazzy/opt/gz_math_vendor:/opt/ros/jazzy/opt/gz_utils_vendor:/opt/ros/jazzy/opt/gz_cmake_vendor:/home/paulwetzel/repo/rise-repos/exo2-new/course/ros2course/ch2-3-make-the-nodes-talk/install/listener_node:/home/paulwetzel/repo/rise-repos/exo2-new/course/ros2course/ch2-3-make-the-nodes-talk/install/broadcast_node:/opt/ros/jazzy CONDA_PROMPT_MODIFIER=(base) DEBUGINFOD_URLS=https://debuginfod.ubuntu.com /usr/bin/cmake --build /home/paulwetzel/repo/rise-repos/exo2-new/course/ros2course/ch2-3-make-the-nodes-talk/build/talker_node -- -j16 -l16
[7.080s] Level 1:colcon.colcon_core.shell:create_environment_hook('broadcast_node', 'pythonpath_develop')
[7.080s] DEBUG:colcon.colcon_core.event_handler.log_command:Invoked command in '/home/paulwetzel/repo/rise-repos/exo2-new/course/ros2course/ch2-3-make-the-nodes-talk/build/broadcast_node' returned '0': CMAKE_PREFIX_PATH=/home/paulwetzel/repo/rise-repos/exo2-new/course/ros2course/ch2-3-make-the-nodes-talk/install/msg_package:/home/paulwetzel/repo/rise-repos/exo2-new/course/ros2course/ch2-3-make-the-nodes-talk/install/talker_node:/opt/ros/jazzy/opt/gz_math_vendor:/opt/ros/jazzy/opt/gz_utils_vendor:/opt/ros/jazzy/opt/gz_cmake_vendor CONDA_PROMPT_MODIFIER=(base) DEBUGINFOD_URLS=https://debuginfod.ubuntu.com PYTHONPATH=/home/paulwetzel/repo/rise-repos/exo2-new/course/ros2course/ch2-3-make-the-nodes-talk/build/broadcast_node/prefix_override:/usr/lib/python3/dist-packages/colcon_core/task/python/colcon_distutils_commands:/home/paulwetzel/repo/rise-repos/exo2-new/course/ros2course/ch2-3-make-the-nodes-talk/install/broadcast_node/lib/python3.12/site-packages:${PYTHONPATH} /usr/bin/python3 -W ignore:setup.py install is deprecated -W ignore:easy_install command is deprecated setup.py develop --editable --build-directory /home/paulwetzel/repo/rise-repos/exo2-new/course/ros2course/ch2-3-make-the-nodes-talk/build/broadcast_node/build --no-deps symlink_data
[7.081s] INFO:colcon.colcon_core.shell:Creating environment hook '/home/paulwetzel/repo/rise-repos/exo2-new/course/ros2course/ch2-3-make-the-nodes-talk/build/broadcast_node/share/broadcast_node/hook/pythonpath_develop.ps1'
[7.081s] INFO:colcon.colcon_core.shell:Creating environment descriptor '/home/paulwetzel/repo/rise-repos/exo2-new/course/ros2course/ch2-3-make-the-nodes-talk/build/broadcast_node/share/broadcast_node/hook/pythonpath_develop.dsv'
[7.082s] INFO:colcon.colcon_core.shell:Creating environment hook '/home/paulwetzel/repo/rise-repos/exo2-new/course/ros2course/ch2-3-make-the-nodes-talk/build/broadcast_node/share/broadcast_node/hook/pythonpath_develop.sh'
[7.083s] Level 1:colcon.colcon_core.environment:checking '/home/paulwetzel/repo/rise-repos/exo2-new/course/ros2course/ch2-3-make-the-nodes-talk/install/broadcast_node' for CMake module files
[7.083s] Level 1:colcon.colcon_core.environment:checking '/home/paulwetzel/repo/rise-repos/exo2-new/course/ros2course/ch2-3-make-the-nodes-talk/install/broadcast_node' for CMake config files
[7.084s] Level 1:colcon.colcon_core.environment:checking '/home/paulwetzel/repo/rise-repos/exo2-new/course/ros2course/ch2-3-make-the-nodes-talk/install/broadcast_node/lib'
[7.084s] Level 1:colcon.colcon_core.environment:checking '/home/paulwetzel/repo/rise-repos/exo2-new/course/ros2course/ch2-3-make-the-nodes-talk/install/broadcast_node/bin'
[7.084s] Level 1:colcon.colcon_core.environment:checking '/home/paulwetzel/repo/rise-repos/exo2-new/course/ros2course/ch2-3-make-the-nodes-talk/install/broadcast_node/lib/pkgconfig/broadcast_node.pc'
[7.084s] Level 1:colcon.colcon_core.environment:checking '/home/paulwetzel/repo/rise-repos/exo2-new/course/ros2course/ch2-3-make-the-nodes-talk/install/broadcast_node/lib/python3.12/site-packages'
[7.084s] Level 1:colcon.colcon_core.shell:create_environment_hook('broadcast_node', 'pythonpath')
[7.085s] INFO:colcon.colcon_core.shell:Creating environment hook '/home/paulwetzel/repo/rise-repos/exo2-new/course/ros2course/ch2-3-make-the-nodes-talk/install/broadcast_node/share/broadcast_node/hook/pythonpath.ps1'
[7.085s] INFO:colcon.colcon_core.shell:Creating environment descriptor '/home/paulwetzel/repo/rise-repos/exo2-new/course/ros2course/ch2-3-make-the-nodes-talk/install/broadcast_node/share/broadcast_node/hook/pythonpath.dsv'
[7.085s] INFO:colcon.colcon_core.shell:Creating environment hook '/home/paulwetzel/repo/rise-repos/exo2-new/course/ros2course/ch2-3-make-the-nodes-talk/install/broadcast_node/share/broadcast_node/hook/pythonpath.sh'
[7.086s] Level 1:colcon.colcon_core.environment:checking '/home/paulwetzel/repo/rise-repos/exo2-new/course/ros2course/ch2-3-make-the-nodes-talk/install/broadcast_node/bin'
[7.086s] Level 1:colcon.colcon_core.environment:create_environment_scripts_only(broadcast_node)
[7.086s] INFO:colcon.colcon_core.shell:Creating package script '/home/paulwetzel/repo/rise-repos/exo2-new/course/ros2course/ch2-3-make-the-nodes-talk/install/broadcast_node/share/broadcast_node/package.ps1'
[7.086s] INFO:colcon.colcon_core.shell:Creating package descriptor '/home/paulwetzel/repo/rise-repos/exo2-new/course/ros2course/ch2-3-make-the-nodes-talk/install/broadcast_node/share/broadcast_node/package.dsv'
[7.087s] INFO:colcon.colcon_core.shell:Creating package script '/home/paulwetzel/repo/rise-repos/exo2-new/course/ros2course/ch2-3-make-the-nodes-talk/install/broadcast_node/share/broadcast_node/package.sh'
[7.087s] INFO:colcon.colcon_core.shell:Creating package script '/home/paulwetzel/repo/rise-repos/exo2-new/course/ros2course/ch2-3-make-the-nodes-talk/install/broadcast_node/share/broadcast_node/package.bash'
[7.088s] INFO:colcon.colcon_core.shell:Creating package script '/home/paulwetzel/repo/rise-repos/exo2-new/course/ros2course/ch2-3-make-the-nodes-talk/install/broadcast_node/share/broadcast_node/package.zsh'
[7.088s] Level 1:colcon.colcon_core.environment:create_file_with_runtime_dependencies(/home/paulwetzel/repo/rise-repos/exo2-new/course/ros2course/ch2-3-make-the-nodes-talk/install/broadcast_node/share/colcon-core/packages/broadcast_node)
[9.754s] DEBUG:colcon.colcon_core.event_handler.log_command:Invoked command in '/home/paulwetzel/repo/rise-repos/exo2-new/course/ros2course/ch2-3-make-the-nodes-talk/build/talker_node' returned '0': CMAKE_PREFIX_PATH=/home/paulwetzel/repo/rise-repos/exo2-new/course/ros2course/ch2-3-make-the-nodes-talk/install/msg_package:/home/paulwetzel/repo/rise-repos/exo2-new/course/ros2course/ch2-3-make-the-nodes-talk/install/talker_node:/opt/ros/jazzy/opt/gz_math_vendor:/opt/ros/jazzy/opt/gz_utils_vendor:/opt/ros/jazzy/opt/gz_cmake_vendor:/home/paulwetzel/repo/rise-repos/exo2-new/course/ros2course/ch2-3-make-the-nodes-talk/install/listener_node:/home/paulwetzel/repo/rise-repos/exo2-new/course/ros2course/ch2-3-make-the-nodes-talk/install/broadcast_node:/opt/ros/jazzy CONDA_PROMPT_MODIFIER=(base) DEBUGINFOD_URLS=https://debuginfod.ubuntu.com /usr/bin/cmake --build /home/paulwetzel/repo/rise-repos/exo2-new/course/ros2course/ch2-3-make-the-nodes-talk/build/talker_node -- -j16 -l16
[9.754s] DEBUG:colcon.colcon_core.event_handler.log_command:Invoking command in '/home/paulwetzel/repo/rise-repos/exo2-new/course/ros2course/ch2-3-make-the-nodes-talk/build/talker_node': CMAKE_PREFIX_PATH=/home/paulwetzel/repo/rise-repos/exo2-new/course/ros2course/ch2-3-make-the-nodes-talk/install/msg_package:/home/paulwetzel/repo/rise-repos/exo2-new/course/ros2course/ch2-3-make-the-nodes-talk/install/talker_node:/opt/ros/jazzy/opt/gz_math_vendor:/opt/ros/jazzy/opt/gz_utils_vendor:/opt/ros/jazzy/opt/gz_cmake_vendor:/home/paulwetzel/repo/rise-repos/exo2-new/course/ros2course/ch2-3-make-the-nodes-talk/install/listener_node:/home/paulwetzel/repo/rise-repos/exo2-new/course/ros2course/ch2-3-make-the-nodes-talk/install/broadcast_node:/opt/ros/jazzy CONDA_PROMPT_MODIFIER=(base) DEBUGINFOD_URLS=https://debuginfod.ubuntu.com /usr/bin/cmake --install /home/paulwetzel/repo/rise-repos/exo2-new/course/ros2course/ch2-3-make-the-nodes-talk/build/talker_node
[9.912s] Level 1:colcon.colcon_core.environment:create_environment_scripts_only(talker_node)
[9.913s] DEBUG:colcon.colcon_core.event_handler.log_command:Invoked command in '/home/paulwetzel/repo/rise-repos/exo2-new/course/ros2course/ch2-3-make-the-nodes-talk/build/talker_node' returned '0': CMAKE_PREFIX_PATH=/home/paulwetzel/repo/rise-repos/exo2-new/course/ros2course/ch2-3-make-the-nodes-talk/install/msg_package:/home/paulwetzel/repo/rise-repos/exo2-new/course/ros2course/ch2-3-make-the-nodes-talk/install/talker_node:/opt/ros/jazzy/opt/gz_math_vendor:/opt/ros/jazzy/opt/gz_utils_vendor:/opt/ros/jazzy/opt/gz_cmake_vendor:/home/paulwetzel/repo/rise-repos/exo2-new/course/ros2course/ch2-3-make-the-nodes-talk/install/listener_node:/home/paulwetzel/repo/rise-repos/exo2-new/course/ros2course/ch2-3-make-the-nodes-talk/install/broadcast_node:/opt/ros/jazzy CONDA_PROMPT_MODIFIER=(base) DEBUGINFOD_URLS=https://debuginfod.ubuntu.com /usr/bin/cmake --install /home/paulwetzel/repo/rise-repos/exo2-new/course/ros2course/ch2-3-make-the-nodes-talk/build/talker_node
[9.913s] Level 1:colcon.colcon_core.environment:checking '/home/paulwetzel/repo/rise-repos/exo2-new/course/ros2course/ch2-3-make-the-nodes-talk/install/talker_node' for CMake module files
[9.913s] Level 1:colcon.colcon_core.environment:checking '/home/paulwetzel/repo/rise-repos/exo2-new/course/ros2course/ch2-3-make-the-nodes-talk/install/talker_node' for CMake config files
[9.914s] Level 1:colcon.colcon_core.shell:create_environment_hook('talker_node', 'cmake_prefix_path')
[9.914s] INFO:colcon.colcon_core.shell:Creating environment hook '/home/paulwetzel/repo/rise-repos/exo2-new/course/ros2course/ch2-3-make-the-nodes-talk/install/talker_node/share/talker_node/hook/cmake_prefix_path.ps1'
[9.914s] INFO:colcon.colcon_core.shell:Creating environment descriptor '/home/paulwetzel/repo/rise-repos/exo2-new/course/ros2course/ch2-3-make-the-nodes-talk/install/talker_node/share/talker_node/hook/cmake_prefix_path.dsv'
[9.914s] INFO:colcon.colcon_core.shell:Creating environment hook '/home/paulwetzel/repo/rise-repos/exo2-new/course/ros2course/ch2-3-make-the-nodes-talk/install/talker_node/share/talker_node/hook/cmake_prefix_path.sh'
[9.915s] Level 1:colcon.colcon_core.environment:checking '/home/paulwetzel/repo/rise-repos/exo2-new/course/ros2course/ch2-3-make-the-nodes-talk/install/talker_node/lib'
[9.915s] Level 1:colcon.colcon_core.environment:checking '/home/paulwetzel/repo/rise-repos/exo2-new/course/ros2course/ch2-3-make-the-nodes-talk/install/talker_node/bin'
[9.915s] Level 1:colcon.colcon_core.environment:checking '/home/paulwetzel/repo/rise-repos/exo2-new/course/ros2course/ch2-3-make-the-nodes-talk/install/talker_node/lib/pkgconfig/talker_node.pc'
[9.915s] Level 1:colcon.colcon_core.environment:checking '/home/paulwetzel/repo/rise-repos/exo2-new/course/ros2course/ch2-3-make-the-nodes-talk/install/talker_node/lib/python3.12/site-packages'
[9.915s] Level 1:colcon.colcon_core.environment:checking '/home/paulwetzel/repo/rise-repos/exo2-new/course/ros2course/ch2-3-make-the-nodes-talk/install/talker_node/bin'
[9.915s] INFO:colcon.colcon_core.shell:Creating package script '/home/paulwetzel/repo/rise-repos/exo2-new/course/ros2course/ch2-3-make-the-nodes-talk/install/talker_node/share/talker_node/package.ps1'
[9.915s] INFO:colcon.colcon_core.shell:Creating package descriptor '/home/paulwetzel/repo/rise-repos/exo2-new/course/ros2course/ch2-3-make-the-nodes-talk/install/talker_node/share/talker_node/package.dsv'
[9.915s] INFO:colcon.colcon_core.shell:Creating package script '/home/paulwetzel/repo/rise-repos/exo2-new/course/ros2course/ch2-3-make-the-nodes-talk/install/talker_node/share/talker_node/package.sh'
[9.916s] INFO:colcon.colcon_core.shell:Creating package script '/home/paulwetzel/repo/rise-repos/exo2-new/course/ros2course/ch2-3-make-the-nodes-talk/install/talker_node/share/talker_node/package.bash'
[9.916s] INFO:colcon.colcon_core.shell:Creating package script '/home/paulwetzel/repo/rise-repos/exo2-new/course/ros2course/ch2-3-make-the-nodes-talk/install/talker_node/share/talker_node/package.zsh'
[9.916s] Level 1:colcon.colcon_core.environment:create_file_with_runtime_dependencies(/home/paulwetzel/repo/rise-repos/exo2-new/course/ros2course/ch2-3-make-the-nodes-talk/install/talker_node/share/colcon-core/packages/talker_node)
[9.916s] Level 1:colcon.colcon_core.environment:create_environment_scripts_only(talker_node)
[9.916s] Level 1:colcon.colcon_core.environment:checking '/home/paulwetzel/repo/rise-repos/exo2-new/course/ros2course/ch2-3-make-the-nodes-talk/install/talker_node' for CMake module files
[9.917s] Level 1:colcon.colcon_core.environment:checking '/home/paulwetzel/repo/rise-repos/exo2-new/course/ros2course/ch2-3-make-the-nodes-talk/install/talker_node' for CMake config files
[9.917s] Level 1:colcon.colcon_core.shell:create_environment_hook('talker_node', 'cmake_prefix_path')
[9.917s] INFO:colcon.colcon_core.shell:Creating environment hook '/home/paulwetzel/repo/rise-repos/exo2-new/course/ros2course/ch2-3-make-the-nodes-talk/install/talker_node/share/talker_node/hook/cmake_prefix_path.ps1'
[9.917s] INFO:colcon.colcon_core.shell:Creating environment descriptor '/home/paulwetzel/repo/rise-repos/exo2-new/course/ros2course/ch2-3-make-the-nodes-talk/install/talker_node/share/talker_node/hook/cmake_prefix_path.dsv'
[9.917s] INFO:colcon.colcon_core.shell:Creating environment hook '/home/paulwetzel/repo/rise-repos/exo2-new/course/ros2course/ch2-3-make-the-nodes-talk/install/talker_node/share/talker_node/hook/cmake_prefix_path.sh'
[9.917s] Level 1:colcon.colcon_core.environment:checking '/home/paulwetzel/repo/rise-repos/exo2-new/course/ros2course/ch2-3-make-the-nodes-talk/install/talker_node/lib'
[9.918s] Level 1:colcon.colcon_core.environment:checking '/home/paulwetzel/repo/rise-repos/exo2-new/course/ros2course/ch2-3-make-the-nodes-talk/install/talker_node/bin'
[9.918s] Level 1:colcon.colcon_core.environment:checking '/home/paulwetzel/repo/rise-repos/exo2-new/course/ros2course/ch2-3-make-the-nodes-talk/install/talker_node/lib/pkgconfig/talker_node.pc'
[9.918s] Level 1:colcon.colcon_core.environment:checking '/home/paulwetzel/repo/rise-repos/exo2-new/course/ros2course/ch2-3-make-the-nodes-talk/install/talker_node/lib/python3.12/site-packages'
[9.918s] Level 1:colcon.colcon_core.environment:checking '/home/paulwetzel/repo/rise-repos/exo2-new/course/ros2course/ch2-3-make-the-nodes-talk/install/talker_node/bin'
[9.918s] INFO:colcon.colcon_core.shell:Creating package script '/home/paulwetzel/repo/rise-repos/exo2-new/course/ros2course/ch2-3-make-the-nodes-talk/install/talker_node/share/talker_node/package.ps1'
[9.918s] INFO:colcon.colcon_core.shell:Creating package descriptor '/home/paulwetzel/repo/rise-repos/exo2-new/course/ros2course/ch2-3-make-the-nodes-talk/install/talker_node/share/talker_node/package.dsv'
[9.918s] INFO:colcon.colcon_core.shell:Creating package script '/home/paulwetzel/repo/rise-repos/exo2-new/course/ros2course/ch2-3-make-the-nodes-talk/install/talker_node/share/talker_node/package.sh'
[9.918s] INFO:colcon.colcon_core.shell:Creating package script '/home/paulwetzel/repo/rise-repos/exo2-new/course/ros2course/ch2-3-make-the-nodes-talk/install/talker_node/share/talker_node/package.bash'
[9.919s] INFO:colcon.colcon_core.shell:Creating package script '/home/paulwetzel/repo/rise-repos/exo2-new/course/ros2course/ch2-3-make-the-nodes-talk/install/talker_node/share/talker_node/package.zsh'
[9.919s] Level 1:colcon.colcon_core.environment:create_file_with_runtime_dependencies(/home/paulwetzel/repo/rise-repos/exo2-new/course/ros2course/ch2-3-make-the-nodes-talk/install/talker_node/share/colcon-core/packages/talker_node)
[9.919s] DEBUG:colcon.colcon_parallel_executor.executor.parallel:closing loop
[9.919s] DEBUG:colcon.colcon_parallel_executor.executor.parallel:loop closed
[9.919s] DEBUG:colcon.colcon_parallel_executor.executor.parallel:run_until_complete finished with '0'
[9.919s] DEBUG:colcon.colcon_core.event_reactor:joining thread
[9.924s] INFO:colcon.colcon_core.plugin_system:Skipping extension 'colcon_notification.desktop_notification.terminal_notifier': Not used on non-Darwin systems
[9.924s] INFO:colcon.colcon_core.plugin_system:Skipping extension 'colcon_notification.desktop_notification.win32': Not used on non-Windows systems
[9.924s] INFO:colcon.colcon_notification.desktop_notification:Sending desktop notification using 'notify2'
[9.935s] DEBUG:colcon.colcon_core.event_reactor:joined thread
[9.935s] INFO:colcon.colcon_core.shell:Creating prefix script '/home/paulwetzel/repo/rise-repos/exo2-new/course/ros2course/ch2-3-make-the-nodes-talk/install/local_setup.ps1'
[9.936s] INFO:colcon.colcon_core.shell:Creating prefix util module '/home/paulwetzel/repo/rise-repos/exo2-new/course/ros2course/ch2-3-make-the-nodes-talk/install/_local_setup_util_ps1.py'
[9.937s] INFO:colcon.colcon_core.shell:Creating prefix chain script '/home/paulwetzel/repo/rise-repos/exo2-new/course/ros2course/ch2-3-make-the-nodes-talk/install/setup.ps1'
[9.937s] INFO:colcon.colcon_core.shell:Creating prefix script '/home/paulwetzel/repo/rise-repos/exo2-new/course/ros2course/ch2-3-make-the-nodes-talk/install/local_setup.sh'
[9.937s] INFO:colcon.colcon_core.shell:Creating prefix util module '/home/paulwetzel/repo/rise-repos/exo2-new/course/ros2course/ch2-3-make-the-nodes-talk/install/_local_setup_util_sh.py'
[9.938s] INFO:colcon.colcon_core.shell:Creating prefix chain script '/home/paulwetzel/repo/rise-repos/exo2-new/course/ros2course/ch2-3-make-the-nodes-talk/install/setup.sh'
[9.938s] INFO:colcon.colcon_core.shell:Creating prefix script '/home/paulwetzel/repo/rise-repos/exo2-new/course/ros2course/ch2-3-make-the-nodes-talk/install/local_setup.bash'
[9.938s] INFO:colcon.colcon_core.shell:Creating prefix chain script '/home/paulwetzel/repo/rise-repos/exo2-new/course/ros2course/ch2-3-make-the-nodes-talk/install/setup.bash'
[9.939s] INFO:colcon.colcon_core.shell:Creating prefix script '/home/paulwetzel/repo/rise-repos/exo2-new/course/ros2course/ch2-3-make-the-nodes-talk/install/local_setup.zsh'
[9.939s] INFO:colcon.colcon_core.shell:Creating prefix chain script '/home/paulwetzel/repo/rise-repos/exo2-new/course/ros2course/ch2-3-make-the-nodes-talk/install/setup.zsh'
