running develop
running egg_info
creating listener_node.egg-info
writing listener_node.egg-info/PKG-INFO
writing dependency_links to listener_node.egg-info/dependency_links.txt
writing entry points to listener_node.egg-info/entry_points.txt
writing requirements to listener_node.egg-info/requires.txt
writing top-level names to listener_node.egg-info/top_level.txt
writing manifest file 'listener_node.egg-info/SOURCES.txt'
reading manifest file 'listener_node.egg-info/SOURCES.txt'
writing manifest file 'listener_node.egg-info/SOURCES.txt'
running build_ext
Creating /home/paulwetzel/repo/rise-repos/exo2-new/course/ros2course/ch2-3-make-the-nodes-talk/install/listener_node/lib/python3.12/site-packages/listener-node.egg-link (link to .)
Installing listener script to /home/paulwetzel/repo/rise-repos/exo2-new/course/ros2course/ch2-3-make-the-nodes-talk/install/listener_node/lib/listener_node
Installing service_client script to /home/paulwetzel/repo/rise-repos/exo2-new/course/ros2course/ch2-3-make-the-nodes-talk/install/listener_node/lib/listener_node

Installed /home/paulwetzel/repo/rise-repos/exo2-new/course/ros2course/ch2-3-make-the-nodes-talk/build/listener_node
running symlink_data
creating /home/paulwetzel/repo/rise-repos/exo2-new/course/ros2course/ch2-3-make-the-nodes-talk/install/listener_node/share/ament_index
creating /home/paulwetzel/repo/rise-repos/exo2-new/course/ros2course/ch2-3-make-the-nodes-talk/install/listener_node/share/ament_index/resource_index
creating /home/paulwetzel/repo/rise-repos/exo2-new/course/ros2course/ch2-3-make-the-nodes-talk/install/listener_node/share/ament_index/resource_index/packages
symbolically linking /home/paulwetzel/repo/rise-repos/exo2-new/course/ros2course/ch2-3-make-the-nodes-talk/build/listener_node/resource/listener_node -> /home/paulwetzel/repo/rise-repos/exo2-new/course/ros2course/ch2-3-make-the-nodes-talk/install/listener_node/share/ament_index/resource_index/packages
symbolically linking /home/paulwetzel/repo/rise-repos/exo2-new/course/ros2course/ch2-3-make-the-nodes-talk/build/listener_node/package.xml -> /home/paulwetzel/repo/rise-repos/exo2-new/course/ros2course/ch2-3-make-the-nodes-talk/install/listener_node/share/listener_node
